<?xml version="1.0" encoding="UTF-8"?>
<coverage generated="1751905044249" clover="3.2.0">
  <project timestamp="1751905044250" name="All files">
    <metrics statements="119" coveredstatements="100" conditionals="57" coveredconditionals="51" methods="34" coveredmethods="27" elements="210" coveredelements="178" complexity="0" loc="119" ncloc="119" packages="3" files="11" classes="11"/>
    <package name="src">
      <metrics statements="15" coveredstatements="0" conditionals="2" coveredconditionals="0" methods="5" coveredmethods="0"/>
      <file name="App.tsx" path="C:\Users\HP\Desktop\Company\Mahavir-components\src\App.tsx">
        <metrics statements="7" coveredstatements="0" conditionals="0" coveredconditionals="0" methods="5" coveredmethods="0"/>
        <line num="2" count="0" type="stmt"/>
        <line num="3" count="0" type="stmt"/>
        <line num="5" count="0" type="stmt"/>
        <line num="6" count="0" type="stmt"/>
        <line num="8" count="0" type="stmt"/>
        <line num="9" count="0" type="stmt"/>
        <line num="20" count="0" type="stmt"/>
      </file>
      <file name="main.tsx" path="C:\Users\HP\Desktop\Company\Mahavir-components\src\main.tsx">
        <metrics statements="8" coveredstatements="0" conditionals="2" coveredconditionals="0" methods="0" coveredmethods="0"/>
        <line num="1" count="0" type="stmt"/>
        <line num="2" count="0" type="stmt"/>
        <line num="3" count="0" type="stmt"/>
        <line num="4" count="0" type="stmt"/>
        <line num="6" count="0" type="stmt"/>
        <line num="8" count="0" type="cond" truecount="0" falsecount="2"/>
        <line num="9" count="0" type="stmt"/>
        <line num="15" count="0" type="stmt"/>
      </file>
    </package>
    <package name="src.Components">
      <metrics statements="71" coveredstatements="70" conditionals="15" coveredconditionals="14" methods="23" coveredmethods="22"/>
      <file name="Data.tsx" path="C:\Users\HP\Desktop\Company\Mahavir-components\src\Components\Data.tsx">
        <metrics statements="4" coveredstatements="4" conditionals="0" coveredconditionals="0" methods="0" coveredmethods="0"/>
        <line num="1" count="2" type="stmt"/>
        <line num="45" count="2" type="stmt"/>
        <line num="103" count="2" type="stmt"/>
        <line num="122" count="2" type="stmt"/>
      </file>
      <file name="NotFound.tsx" path="C:\Users\HP\Desktop\Company\Mahavir-components\src\Components\NotFound.tsx">
        <metrics statements="3" coveredstatements="3" conditionals="0" coveredconditionals="0" methods="1" coveredmethods="1"/>
        <line num="3" count="1" type="stmt"/>
        <line num="4" count="1" type="stmt"/>
        <line num="9" count="1" type="stmt"/>
      </file>
      <file name="Product_Card.tsx" path="C:\Users\HP\Desktop\Company\Mahavir-components\src\Components\Product_Card.tsx">
        <metrics statements="15" coveredstatements="15" conditionals="7" coveredconditionals="7" methods="4" coveredmethods="4"/>
        <line num="1" count="1" type="stmt"/>
        <line num="2" count="1" type="stmt"/>
        <line num="3" count="1" type="stmt"/>
        <line num="28" count="1" type="stmt"/>
        <line num="33" count="7" type="stmt"/>
        <line num="34" count="7" type="stmt"/>
        <line num="35" count="7" type="stmt"/>
        <line num="39" count="7" type="stmt"/>
        <line num="40" count="2" type="stmt"/>
        <line num="41" count="2" type="stmt"/>
        <line num="42" count="2" type="cond" truecount="4" falsecount="0"/>
        <line num="45" count="7" type="stmt"/>
        <line num="79" count="14" type="stmt"/>
        <line num="87" count="2" type="stmt"/>
        <line num="140" count="1" type="stmt"/>
      </file>
      <file name="Products.tsx" path="C:\Users\HP\Desktop\Company\Mahavir-components\src\Components\Products.tsx">
        <metrics statements="7" coveredstatements="7" conditionals="2" coveredconditionals="1" methods="2" coveredmethods="2"/>
        <line num="2" count="1" type="stmt"/>
        <line num="3" count="1" type="stmt"/>
        <line num="4" count="1" type="stmt"/>
        <line num="21" count="1" type="stmt"/>
        <line num="22" count="1" type="stmt"/>
        <line num="25" count="2" type="cond" truecount="1" falsecount="1"/>
        <line num="31" count="1" type="stmt"/>
      </file>
      <file name="StepOne.tsx" path="C:\Users\HP\Desktop\Company\Mahavir-components\src\Components\StepOne.tsx">
        <metrics statements="20" coveredstatements="19" conditionals="4" coveredconditionals="4" methods="7" coveredmethods="6"/>
        <line num="1" count="1" type="stmt"/>
        <line num="2" count="1" type="stmt"/>
        <line num="3" count="1" type="stmt"/>
        <line num="4" count="1" type="stmt"/>
        <line num="5" count="1" type="stmt"/>
        <line num="6" count="1" type="stmt"/>
        <line num="13" count="1" type="stmt"/>
        <line num="14" count="9" type="stmt"/>
        <line num="15" count="9" type="stmt"/>
        <line num="16" count="9" type="stmt"/>
        <line num="18" count="9" type="stmt"/>
        <line num="19" count="1" type="stmt"/>
        <line num="20" count="1" type="stmt"/>
        <line num="23" count="9" type="stmt"/>
        <line num="36" count="18" type="stmt"/>
        <line num="41" count="1" type="stmt"/>
        <line num="70" count="1" type="stmt"/>
        <line num="79" count="0" type="stmt"/>
        <line num="85" count="1" type="stmt"/>
        <line num="100" count="1" type="stmt"/>
      </file>
      <file name="StepThree.tsx" path="C:\Users\HP\Desktop\Company\Mahavir-components\src\Components\StepThree.tsx">
        <metrics statements="3" coveredstatements="3" conditionals="0" coveredconditionals="0" methods="1" coveredmethods="1"/>
        <line num="3" count="1" type="stmt"/>
        <line num="4" count="1" type="stmt"/>
        <line num="13" count="1" type="stmt"/>
      </file>
      <file name="StepTwo.tsx" path="C:\Users\HP\Desktop\Company\Mahavir-components\src\Components\StepTwo.tsx">
        <metrics statements="12" coveredstatements="12" conditionals="2" coveredconditionals="2" methods="5" coveredmethods="5"/>
        <line num="1" count="1" type="stmt"/>
        <line num="2" count="1" type="stmt"/>
        <line num="15" count="1" type="stmt"/>
        <line num="16" count="4" type="stmt"/>
        <line num="18" count="5" type="stmt"/>
        <line num="20" count="4" type="stmt"/>
        <line num="21" count="1" type="stmt"/>
        <line num="22" count="1" type="stmt"/>
        <line num="25" count="4" type="stmt"/>
        <line num="50" count="12" type="stmt"/>
        <line num="52" count="1" type="stmt"/>
        <line num="71" count="1" type="stmt"/>
      </file>
      <file name="StoneSelectorModal.tsx" path="C:\Users\HP\Desktop\Company\Mahavir-components\src\Components\StoneSelectorModal.tsx">
        <metrics statements="7" coveredstatements="7" conditionals="0" coveredconditionals="0" methods="3" coveredmethods="3"/>
        <line num="2" count="1" type="stmt"/>
        <line num="3" count="1" type="stmt"/>
        <line num="16" count="1" type="stmt"/>
        <line num="17" count="4" type="stmt"/>
        <line num="38" count="12" type="stmt"/>
        <line num="40" count="1" type="stmt"/>
        <line num="54" count="1" type="stmt"/>
      </file>
    </package>
    <package name="src.Pages">
      <metrics statements="33" coveredstatements="30" conditionals="40" coveredconditionals="37" methods="6" coveredmethods="5"/>
      <file name="Home.tsx" path="C:\Users\HP\Desktop\Company\Mahavir-components\src\Pages\Home.tsx">
        <metrics statements="33" coveredstatements="30" conditionals="40" coveredconditionals="37" methods="6" coveredmethods="5"/>
        <line num="1" count="1" type="stmt"/>
        <line num="2" count="1" type="stmt"/>
        <line num="3" count="1" type="stmt"/>
        <line num="5" count="1" type="stmt"/>
        <line num="6" count="1" type="stmt"/>
        <line num="7" count="1" type="stmt"/>
        <line num="8" count="1" type="stmt"/>
        <line num="19" count="1" type="stmt"/>
        <line num="25" count="1" type="stmt"/>
        <line num="26" count="11" type="stmt"/>
        <line num="27" count="11" type="stmt"/>
        <line num="28" count="11" type="stmt"/>
        <line num="30" count="11" type="stmt"/>
        <line num="31" count="5" type="cond" truecount="1" falsecount="1"/>
        <line num="32" count="0" type="stmt"/>
        <line num="33" count="5" type="cond" truecount="2" falsecount="0"/>
        <line num="34" count="3" type="cond" truecount="1" falsecount="1"/>
        <line num="35" count="3" type="stmt"/>
        <line num="37" count="0" type="stmt"/>
        <line num="39" count="2" type="cond" truecount="1" falsecount="0"/>
        <line num="40" count="2" type="cond" truecount="4" falsecount="0"/>
        <line num="41" count="1" type="stmt"/>
        <line num="43" count="1" type="stmt"/>
        <line num="48" count="11" type="stmt"/>
        <line num="49" count="2" type="stmt"/>
        <line num="50" count="2" type="stmt"/>
        <line num="51" count="2" type="stmt"/>
        <line num="54" count="11" type="stmt"/>
        <line num="59" count="33" type="stmt"/>
        <line num="61" count="33" type="stmt"/>
        <line num="69" count="5" type="stmt"/>
        <line num="128" count="0" type="stmt"/>
        <line num="135" count="1" type="stmt"/>
      </file>
    </package>
  </project>
</coverage>
