{"C:\\Users\\HP\\Desktop\\Company\\Mahavir-components\\src\\App.tsx": {"path":"C:\\Users\\HP\\Desktop\\Company\\Mahavir-components\\src\\App.tsx","statementMap":{"0":{"start":{"line":1,"column":0},"end":{"line":1,"column":56}},"1":{"start":{"line":2,"column":0},"end":{"line":2,"column":87}},"2":{"start":{"line":3,"column":0},"end":{"line":3,"column":55}},"3":{"start":{"line":5,"column":0},"end":{"line":5,"column":47}},"4":{"start":{"line":6,"column":0},"end":{"line":6,"column":19}},"5":{"start":{"line":7,"column":0},"end":{"line":7,"column":41}},"6":{"start":{"line":8,"column":0},"end":{"line":8,"column":51}},"7":{"start":{"line":9,"column":0},"end":{"line":9,"column":71}},"8":{"start":{"line":10,"column":0},"end":{"line":10,"column":49}},"9":{"start":{"line":11,"column":0},"end":{"line":11,"column":49}},"10":{"start":{"line":12,"column":0},"end":{"line":12,"column":53}},"11":{"start":{"line":14,"column":24},"end":{"line":14,"column":81}},"12":{"start":{"line":14,"column":34},"end":{"line":14,"column":80}},"13":{"start":{"line":15,"column":17},"end":{"line":15,"column":60}},"14":{"start":{"line":15,"column":27},"end":{"line":15,"column":59}},"15":{"start":{"line":16,"column":13},"end":{"line":16,"column":47}},"16":{"start":{"line":16,"column":23},"end":{"line":16,"column":46}},"17":{"start":{"line":18,"column":20},"end":{"line":37,"column":1}},"18":{"start":{"line":27,"column":2},"end":{"line":36,"column":3}},"19":{"start":{"line":29,"column":6},"end":{"line":29,"column":25}},"20":{"start":{"line":31,"column":6},"end":{"line":31,"column":85}},"21":{"start":{"line":33,"column":6},"end":{"line":33,"column":27}},"22":{"start":{"line":35,"column":6},"end":{"line":35,"column":18}},"23":{"start":{"line":39,"column":22},"end":{"line":109,"column":1}},"24":{"start":{"line":40,"column":38},"end":{"line":40,"column":57}},"25":{"start":{"line":41,"column":36},"end":{"line":41,"column":60}},"26":{"start":{"line":42,"column":44},"end":{"line":42,"column":64}},"27":{"start":{"line":44,"column":26},"end":{"line":60,"column":3}},"28":{"start":{"line":45,"column":4},"end":{"line":59,"column":5}},"29":{"start":{"line":46,"column":6},"end":{"line":46,"column":23}},"30":{"start":{"line":47,"column":11},"end":{"line":59,"column":5}},"31":{"start":{"line":48,"column":6},"end":{"line":52,"column":7}},"32":{"start":{"line":49,"column":8},"end":{"line":49,"column":27}},"33":{"start":{"line":51,"column":8},"end":{"line":51,"column":null}},"34":{"start":{"line":53,"column":11},"end":{"line":59,"column":5}},"35":{"start":{"line":54,"column":6},"end":{"line":58,"column":7}},"36":{"start":{"line":55,"column":8},"end":{"line":55,"column":25}},"37":{"start":{"line":57,"column":8},"end":{"line":57,"column":67}},"38":{"start":{"line":62,"column":28},"end":{"line":66,"column":3}},"39":{"start":{"line":63,"column":4},"end":{"line":63,"column":28}},"40":{"start":{"line":64,"column":4},"end":{"line":64,"column":24}},"41":{"start":{"line":65,"column":4},"end":{"line":65,"column":21}},"42":{"start":{"line":68,"column":2},"end":{"line":108,"column":4}},"43":{"start":{"line":102,"column":27},"end":{"line":102,"column":46}},"44":{"start":{"line":111,"column":0},"end":{"line":111,"column":19}}},"fnMap":{"0":{"name":"(anonymous_10)","decl":{"start":{"line":14,"column":29},"end":{"line":14,"column":32}},"loc":{"start":{"line":14,"column":34},"end":{"line":14,"column":80}}},"1":{"name":"(anonymous_11)","decl":{"start":{"line":14,"column":34},"end":{"line":14,"column":42}},"loc":{"start":{"line":14,"column":34},"end":{"line":14,"column":80}}},"2":{"name":"(anonymous_12)","decl":{"start":{"line":15,"column":22},"end":{"line":15,"column":25}},"loc":{"start":{"line":15,"column":27},"end":{"line":15,"column":59}}},"3":{"name":"(anonymous_13)","decl":{"start":{"line":15,"column":27},"end":{"line":15,"column":35}},"loc":{"start":{"line":15,"column":27},"end":{"line":15,"column":59}}},"4":{"name":"(anonymous_14)","decl":{"start":{"line":16,"column":18},"end":{"line":16,"column":21}},"loc":{"start":{"line":16,"column":23},"end":{"line":16,"column":46}}},"5":{"name":"(anonymous_15)","decl":{"start":{"line":16,"column":23},"end":{"line":16,"column":31}},"loc":{"start":{"line":16,"column":23},"end":{"line":16,"column":46}}},"6":{"name":"(anonymous_16)","decl":{"start":{"line":18,"column":20},"end":{"line":18,"column":21}},"loc":{"start":{"line":26,"column":5},"end":{"line":37,"column":1}}},"7":{"name":"(anonymous_17)","decl":{"start":{"line":39,"column":22},"end":{"line":39,"column":25}},"loc":{"start":{"line":39,"column":27},"end":{"line":109,"column":1}}},"8":{"name":"(anonymous_18)","decl":{"start":{"line":44,"column":26},"end":{"line":44,"column":27}},"loc":{"start":{"line":44,"column":41},"end":{"line":60,"column":3}}},"9":{"name":"(anonymous_19)","decl":{"start":{"line":62,"column":28},"end":{"line":62,"column":29}},"loc":{"start":{"line":62,"column":46},"end":{"line":66,"column":3}}},"10":{"name":"(anonymous_20)","decl":{"start":{"line":102,"column":21},"end":{"line":102,"column":24}},"loc":{"start":{"line":102,"column":27},"end":{"line":102,"column":46}}}},"branchMap":{"0":{"loc":{"start":{"line":27,"column":2},"end":{"line":36,"column":3}},"type":"switch","locations":[{"start":{"line":28,"column":4},"end":{"line":29,"column":25}},{"start":{"line":30,"column":4},"end":{"line":31,"column":85}},{"start":{"line":32,"column":4},"end":{"line":33,"column":27}},{"start":{"line":34,"column":4},"end":{"line":35,"column":18}}]},"1":{"loc":{"start":{"line":45,"column":4},"end":{"line":59,"column":5}},"type":"if","locations":[{"start":{"line":45,"column":4},"end":{"line":59,"column":5}},{"start":{"line":47,"column":11},"end":{"line":59,"column":5}}]},"2":{"loc":{"start":{"line":47,"column":11},"end":{"line":59,"column":5}},"type":"if","locations":[{"start":{"line":47,"column":11},"end":{"line":59,"column":5}},{"start":{"line":53,"column":11},"end":{"line":59,"column":5}}]},"3":{"loc":{"start":{"line":48,"column":6},"end":{"line":52,"column":7}},"type":"if","locations":[{"start":{"line":48,"column":6},"end":{"line":52,"column":7}},{"start":{"line":50,"column":13},"end":{"line":52,"column":7}}]},"4":{"loc":{"start":{"line":53,"column":11},"end":{"line":59,"column":5}},"type":"if","locations":[{"start":{"line":53,"column":11},"end":{"line":59,"column":5}}]},"5":{"loc":{"start":{"line":54,"column":6},"end":{"line":58,"column":7}},"type":"if","locations":[{"start":{"line":54,"column":6},"end":{"line":58,"column":7}},{"start":{"line":56,"column":13},"end":{"line":58,"column":7}}]},"6":{"loc":{"start":{"line":54,"column":10},"end":{"line":54,"column":43}},"type":"binary-expr","locations":[{"start":{"line":54,"column":10},"end":{"line":54,"column":26}},{"start":{"line":54,"column":30},"end":{"line":54,"column":43}}]},"7":{"loc":{"start":{"line":99,"column":9},"end":{"line":103,"column":null}},"type":"binary-expr","locations":[{"start":{"line":99,"column":9},"end":{"line":99,"column":18}},{"start":{"line":100,"column":10},"end":{"line":102,"column":null}}]}},"s":{"0":0,"1":0,"2":0,"3":0,"4":0,"5":0,"6":0,"7":0,"8":0,"9":0,"10":0,"11":0,"12":0,"13":0,"14":0,"15":0,"16":0,"17":0,"18":0,"19":0,"20":0,"21":0,"22":0,"23":0,"24":0,"25":0,"26":0,"27":0,"28":0,"29":0,"30":0,"31":0,"32":0,"33":0,"34":0,"35":0,"36":0,"37":0,"38":0,"39":0,"40":0,"41":0,"42":0,"43":0,"44":0},"f":{"0":0,"1":0,"2":0,"3":0,"4":0,"5":0,"6":0,"7":0,"8":0,"9":0,"10":0},"b":{"0":[0,0,0,0],"1":[0,0],"2":[0,0],"3":[0,0],"4":[0],"5":[0,0],"6":[0,0],"7":[0,0]}}
,"C:\\Users\\HP\\Desktop\\Company\\Mahavir-components\\src\\main.tsx": {"path":"C:\\Users\\HP\\Desktop\\Company\\Mahavir-components\\src\\main.tsx","statementMap":{"0":{"start":{"line":1,"column":0},"end":{"line":1,"column":35}},"1":{"start":{"line":2,"column":0},"end":{"line":2,"column":46}},"2":{"start":{"line":3,"column":0},"end":{"line":3,"column":21}},"3":{"start":{"line":4,"column":0},"end":{"line":4,"column":24}},"4":{"start":{"line":6,"column":20},"end":{"line":6,"column":51}},"5":{"start":{"line":8,"column":0},"end":{"line":16,"column":1}},"6":{"start":{"line":9,"column":2},"end":{"line":13,"column":4}},"7":{"start":{"line":15,"column":2},"end":{"line":15,"column":43}}},"fnMap":{},"branchMap":{"0":{"loc":{"start":{"line":8,"column":0},"end":{"line":16,"column":1}},"type":"if","locations":[{"start":{"line":8,"column":0},"end":{"line":16,"column":1}},{"start":{"line":14,"column":7},"end":{"line":16,"column":1}}]}},"s":{"0":0,"1":0,"2":0,"3":0,"4":0,"5":0,"6":0,"7":0},"f":{},"b":{"0":[0,0]}}
,"C:\\Users\\HP\\Desktop\\Company\\Mahavir-components\\src\\Components\\Data.tsx": {"path":"C:\\Users\\HP\\Desktop\\Company\\Mahavir-components\\src\\Components\\Data.tsx","statementMap":{"0":{"start":{"line":1,"column":13},"end":{"line":43,"column":null}},"1":{"start":{"line":45,"column":13},"end":{"line":765,"column":null}},"2":{"start":{"line":768,"column":13},"end":{"line":784,"column":null}},"3":{"start":{"line":786,"column":13},"end":{"line":825,"column":null}},"4":{"start":{"line":828,"column":13},"end":{"line":841,"column":null}},"5":{"start":{"line":845,"column":13},"end":{"line":934,"column":null}}},"fnMap":{},"branchMap":{},"s":{"0":0,"1":0,"2":0,"3":0,"4":0,"5":0},"f":{},"b":{}}
,"C:\\Users\\HP\\Desktop\\Company\\Mahavir-components\\src\\Components\\Loader.tsx": {"path":"C:\\Users\\HP\\Desktop\\Company\\Mahavir-components\\src\\Components\\Loader.tsx","statementMap":{"0":{"start":{"line":4,"column":25},"end":{"line":8,"column":1}},"1":{"start":{"line":5,"column":4},"end":{"line":7,"column":null}},"2":{"start":{"line":11,"column":0},"end":{"line":11,"column":22}}},"fnMap":{"0":{"name":"(anonymous_0)","decl":{"start":{"line":4,"column":25},"end":{"line":4,"column":28}},"loc":{"start":{"line":4,"column":30},"end":{"line":8,"column":1}}}},"branchMap":{},"s":{"0":0,"1":0,"2":0},"f":{"0":0},"b":{}}
,"C:\\Users\\HP\\Desktop\\Company\\Mahavir-components\\src\\Components\\NotFound.tsx": {"path":"C:\\Users\\HP\\Desktop\\Company\\Mahavir-components\\src\\Components\\NotFound.tsx","statementMap":{"0":{"start":{"line":4,"column":26},"end":{"line":8,"column":1}},"1":{"start":{"line":5,"column":4},"end":{"line":7,"column":null}},"2":{"start":{"line":11,"column":0},"end":{"line":11,"column":null}}},"fnMap":{"0":{"name":"(anonymous_0)","decl":{"start":{"line":4,"column":26},"end":{"line":4,"column":29}},"loc":{"start":{"line":4,"column":31},"end":{"line":8,"column":1}}}},"branchMap":{},"s":{"0":0,"1":0,"2":0},"f":{"0":0},"b":{}}
,"C:\\Users\\HP\\Desktop\\Company\\Mahavir-components\\src\\Components\\Grids\\StoneGrid.tsx": {"path":"C:\\Users\\HP\\Desktop\\Company\\Mahavir-components\\src\\Components\\Grids\\StoneGrid.tsx","statementMap":{"0":{"start":{"line":1,"column":0},"end":{"line":1,"column":41}},"1":{"start":{"line":2,"column":0},"end":{"line":2,"column":40}},"2":{"start":{"line":3,"column":0},"end":{"line":3,"column":40}},"3":{"start":{"line":17,"column":44},"end":{"line":90,"column":1}},"4":{"start":{"line":22,"column":34},"end":{"line":22,"column":55}},"5":{"start":{"line":24,"column":2},"end":{"line":28,"column":15}},"6":{"start":{"line":25,"column":4},"end":{"line":27,"column":5}},"7":{"start":{"line":26,"column":6},"end":{"line":26,"column":33}},"8":{"start":{"line":30,"column":23},"end":{"line":32,"column":3}},"9":{"start":{"line":31,"column":4},"end":{"line":31,"column":25}},"10":{"start":{"line":34,"column":26},"end":{"line":50,"column":null}},"11":{"start":{"line":35,"column":4},"end":{"line":36,"column":null}},"12":{"start":{"line":39,"column":21},"end":{"line":39,"column":38}},"13":{"start":{"line":40,"column":24},"end":{"line":40,"column":62}},"14":{"start":{"line":53,"column":26},"end":{"line":53,"column":43}},"15":{"start":{"line":54,"column":20},"end":{"line":54,"column":65}},"16":{"start":{"line":55,"column":20},"end":{"line":55,"column":58}},"17":{"start":{"line":57,"column":2},"end":{"line":89,"column":4}},"18":{"start":{"line":61,"column":38},"end":{"line":61,"column":64}},"19":{"start":{"line":65,"column":27},"end":{"line":65,"column":49}},"20":{"start":{"line":85,"column":40},"end":{"line":85,"column":70}},"21":{"start":{"line":92,"column":0},"end":{"line":92,"column":25}}},"fnMap":{"0":{"name":"(anonymous_9)","decl":{"start":{"line":17,"column":44},"end":{"line":17,"column":45}},"loc":{"start":{"line":21,"column":5},"end":{"line":90,"column":1}}},"1":{"name":"(anonymous_10)","decl":{"start":{"line":24,"column":12},"end":{"line":24,"column":15}},"loc":{"start":{"line":24,"column":17},"end":{"line":28,"column":3}}},"2":{"name":"(anonymous_11)","decl":{"start":{"line":30,"column":23},"end":{"line":30,"column":24}},"loc":{"start":{"line":30,"column":41},"end":{"line":32,"column":3}}},"3":{"name":"(anonymous_12)","decl":{"start":{"line":34,"column":26},"end":{"line":34,"column":27}},"loc":{"start":{"line":35,"column":4},"end":{"line":36,"column":null}}},"4":{"name":"(anonymous_13)","decl":{"start":{"line":39,"column":15},"end":{"line":39,"column":18}},"loc":{"start":{"line":39,"column":21},"end":{"line":39,"column":38}}},"5":{"name":"(anonymous_14)","decl":{"start":{"line":40,"column":17},"end":{"line":40,"column":18}},"loc":{"start":{"line":40,"column":24},"end":{"line":40,"column":62}}},"6":{"name":"(anonymous_15)","decl":{"start":{"line":61,"column":23},"end":{"line":61,"column":24}},"loc":{"start":{"line":61,"column":38},"end":{"line":61,"column":64}}},"7":{"name":"(anonymous_16)","decl":{"start":{"line":65,"column":21},"end":{"line":65,"column":24}},"loc":{"start":{"line":65,"column":27},"end":{"line":65,"column":49}}},"8":{"name":"(anonymous_17)","decl":{"start":{"line":85,"column":25},"end":{"line":85,"column":26}},"loc":{"start":{"line":85,"column":40},"end":{"line":85,"column":70}}}},"branchMap":{"0":{"loc":{"start":{"line":25,"column":4},"end":{"line":27,"column":5}},"type":"if","locations":[{"start":{"line":25,"column":4},"end":{"line":27,"column":5}}]},"1":{"loc":{"start":{"line":40,"column":24},"end":{"line":40,"column":62}},"type":"binary-expr","locations":[{"start":{"line":40,"column":24},"end":{"line":40,"column":41}},{"start":{"line":40,"column":45},"end":{"line":40,"column":62}}]},"2":{"loc":{"start":{"line":42,"column":10},"end":{"line":42,"column":69}},"type":"cond-expr","locations":[{"start":{"line":42,"column":32},"end":{"line":42,"column":49}},{"start":{"line":42,"column":52},"end":{"line":42,"column":69}}]},"3":{"loc":{"start":{"line":54,"column":20},"end":{"line":54,"column":65}},"type":"cond-expr","locations":[{"start":{"line":54,"column":38},"end":{"line":54,"column":56}},{"start":{"line":54,"column":59},"end":{"line":54,"column":65}}]},"4":{"loc":{"start":{"line":55,"column":20},"end":{"line":55,"column":58}},"type":"cond-expr","locations":[{"start":{"line":55,"column":38},"end":{"line":55,"column":53}},{"start":{"line":55,"column":56},"end":{"line":55,"column":58}}]},"5":{"loc":{"start":{"line":63,"column":9},"end":{"line":75,"column":null}},"type":"binary-expr","locations":[{"start":{"line":63,"column":9},"end":{"line":63,"column":24}},{"start":{"line":64,"column":10},"end":{"line":74,"column":null}}]},"6":{"loc":{"start":{"line":71,"column":21},"end":{"line":71,"column":52}},"type":"cond-expr","locations":[{"start":{"line":71,"column":32},"end":{"line":71,"column":38}},{"start":{"line":71,"column":41},"end":{"line":71,"column":52}}]},"7":{"loc":{"start":{"line":73,"column":15},"end":{"line":73,"column":49}},"type":"cond-expr","locations":[{"start":{"line":73,"column":26},"end":{"line":73,"column":36}},{"start":{"line":73,"column":39},"end":{"line":73,"column":49}}]},"8":{"loc":{"start":{"line":80,"column":7},"end":{"line":86,"column":null}},"type":"binary-expr","locations":[{"start":{"line":80,"column":7},"end":{"line":80,"column":22}},{"start":{"line":81,"column":8},"end":{"line":85,"column":null}}]},"9":{"loc":{"start":{"line":82,"column":92},"end":{"line":82,"column":null}},"type":"cond-expr","locations":[{"start":{"line":82,"column":103},"end":{"line":82,"column":130}},{"start":{"line":82,"column":133},"end":{"line":82,"column":null}}]}},"s":{"0":0,"1":0,"2":0,"3":0,"4":0,"5":0,"6":0,"7":0,"8":0,"9":0,"10":0,"11":0,"12":0,"13":0,"14":0,"15":0,"16":0,"17":0,"18":0,"19":0,"20":0,"21":0},"f":{"0":0,"1":0,"2":0,"3":0,"4":0,"5":0,"6":0,"7":0,"8":0},"b":{"0":[0],"1":[0,0],"2":[0,0],"3":[0,0],"4":[0,0],"5":[0,0],"6":[0,0],"7":[0,0],"8":[0,0],"9":[0,0]}}
,"C:\\Users\\HP\\Desktop\\Company\\Mahavir-components\\src\\Components\\Modal\\StoneSelectorModal.tsx": {"path":"C:\\Users\\HP\\Desktop\\Company\\Mahavir-components\\src\\Components\\Modal\\StoneSelectorModal.tsx","statementMap":{"0":{"start":{"line":2,"column":0},"end":{"line":2,"column":49}},"1":{"start":{"line":3,"column":0},"end":{"line":3,"column":37}},"2":{"start":{"line":16,"column":62},"end":{"line":52,"column":1}},"3":{"start":{"line":17,"column":2},"end":{"line":51,"column":4}},"4":{"start":{"line":38,"column":12},"end":{"line":39,"column":null}},"5":{"start":{"line":40,"column":29},"end":{"line":40,"column":48}},"6":{"start":{"line":54,"column":0},"end":{"line":54,"column":34}}},"fnMap":{"0":{"name":"(anonymous_0)","decl":{"start":{"line":16,"column":62},"end":{"line":16,"column":63}},"loc":{"start":{"line":16,"column":88},"end":{"line":52,"column":1}}},"1":{"name":"(anonymous_1)","decl":{"start":{"line":37,"column":26},"end":{"line":37,"column":27}},"loc":{"start":{"line":38,"column":12},"end":{"line":39,"column":null}}},"2":{"name":"(anonymous_2)","decl":{"start":{"line":40,"column":23},"end":{"line":40,"column":26}},"loc":{"start":{"line":40,"column":29},"end":{"line":40,"column":48}}}},"branchMap":{},"s":{"0":0,"1":0,"2":0,"3":0,"4":0,"5":0,"6":0},"f":{"0":0,"1":0,"2":0},"b":{}}
,"C:\\Users\\HP\\Desktop\\Company\\Mahavir-components\\src\\Components\\Products\\Product_Card.tsx": {"path":"C:\\Users\\HP\\Desktop\\Company\\Mahavir-components\\src\\Components\\Products\\Product_Card.tsx","statementMap":{"0":{"start":{"line":1,"column":0},"end":{"line":1,"column":40}},"1":{"start":{"line":2,"column":0},"end":{"line":2,"column":55}},"2":{"start":{"line":3,"column":0},"end":{"line":3,"column":67}},"3":{"start":{"line":4,"column":0},"end":{"line":4,"column":49}},"4":{"start":{"line":29,"column":49},"end":{"line":138,"column":1}},"5":{"start":{"line":30,"column":23},"end":{"line":30,"column":50}},"6":{"start":{"line":31,"column":44},"end":{"line":31,"column":74}},"7":{"start":{"line":32,"column":36},"end":{"line":33,"column":null}},"8":{"start":{"line":37,"column":28},"end":{"line":41,"column":3}},"9":{"start":{"line":38,"column":4},"end":{"line":38,"column":28}},"10":{"start":{"line":39,"column":4},"end":{"line":39,"column":44}},"11":{"start":{"line":40,"column":4},"end":{"line":40,"column":27}},"12":{"start":{"line":43,"column":2},"end":{"line":137,"column":4}},"13":{"start":{"line":79,"column":12},"end":{"line":79,"column":34}},"14":{"start":{"line":87,"column":32},"end":{"line":87,"column":59}},"15":{"start":{"line":140,"column":0},"end":{"line":140,"column":28}}},"fnMap":{"0":{"name":"(anonymous_0)","decl":{"start":{"line":29,"column":49},"end":{"line":29,"column":50}},"loc":{"start":{"line":29,"column":94},"end":{"line":138,"column":1}}},"1":{"name":"(anonymous_1)","decl":{"start":{"line":37,"column":28},"end":{"line":37,"column":29}},"loc":{"start":{"line":37,"column":46},"end":{"line":41,"column":3}}},"2":{"name":"(anonymous_2)","decl":{"start":{"line":78,"column":43},"end":{"line":78,"column":44}},"loc":{"start":{"line":79,"column":12},"end":{"line":79,"column":34}}},"3":{"name":"(anonymous_3)","decl":{"start":{"line":87,"column":26},"end":{"line":87,"column":29}},"loc":{"start":{"line":87,"column":32},"end":{"line":87,"column":59}}}},"branchMap":{"0":{"loc":{"start":{"line":29,"column":58},"end":{"line":29,"column":72}},"type":"default-arg","locations":[{"start":{"line":29,"column":70},"end":{"line":29,"column":72}}]},"1":{"loc":{"start":{"line":40,"column":4},"end":{"line":40,"column":26}},"type":"cond-expr","locations":[{"start":{"line":40,"column":17},"end":{"line":40,"column":20}},{"start":{"line":40,"column":4},"end":{"line":40,"column":26}}]},"2":{"loc":{"start":{"line":40,"column":4},"end":{"line":40,"column":20}},"type":"binary-expr","locations":[{"start":{"line":40,"column":4},"end":{"line":40,"column":20}},{"start":{"line":40,"column":4},"end":{"line":40,"column":20}}]},"3":{"loc":{"start":{"line":102,"column":17},"end":{"line":114,"column":null}},"type":"binary-expr","locations":[{"start":{"line":102,"column":17},"end":{"line":102,"column":43}},{"start":{"line":103,"column":18},"end":{"line":113,"column":null}}]}},"s":{"0":0,"1":0,"2":0,"3":0,"4":0,"5":0,"6":0,"7":0,"8":0,"9":0,"10":0,"11":0,"12":0,"13":0,"14":0,"15":0},"f":{"0":0,"1":0,"2":0,"3":0},"b":{"0":[0],"1":[0,0],"2":[0,0],"3":[0,0]}}
,"C:\\Users\\HP\\Desktop\\Company\\Mahavir-components\\src\\Components\\Products\\Products.tsx": {"path":"C:\\Users\\HP\\Desktop\\Company\\Mahavir-components\\src\\Components\\Products\\Products.tsx","statementMap":{"0":{"start":{"line":2,"column":0},"end":{"line":2,"column":52}},"1":{"start":{"line":3,"column":0},"end":{"line":3,"column":34}},"2":{"start":{"line":4,"column":0},"end":{"line":4,"column":35}},"3":{"start":{"line":21,"column":27},"end":{"line":29,"column":1}},"4":{"start":{"line":22,"column":2},"end":{"line":28,"column":4}},"5":{"start":{"line":25,"column":8},"end":{"line":25,"column":59}},"6":{"start":{"line":31,"column":0},"end":{"line":31,"column":24}}},"fnMap":{"0":{"name":"(anonymous_1)","decl":{"start":{"line":21,"column":27},"end":{"line":21,"column":30}},"loc":{"start":{"line":21,"column":32},"end":{"line":29,"column":1}}},"1":{"name":"(anonymous_2)","decl":{"start":{"line":24,"column":20},"end":{"line":24,"column":21}},"loc":{"start":{"line":25,"column":8},"end":{"line":25,"column":59}}}},"branchMap":{"0":{"loc":{"start":{"line":25,"column":39},"end":{"line":25,"column":55}},"type":"binary-expr","locations":[{"start":{"line":25,"column":39},"end":{"line":25,"column":46}},{"start":{"line":25,"column":50},"end":{"line":25,"column":55}}]}},"s":{"0":0,"1":0,"2":0,"3":0,"4":0,"5":0,"6":0},"f":{"0":0,"1":0},"b":{"0":[0,0]}}
,"C:\\Users\\HP\\Desktop\\Company\\Mahavir-components\\src\\Components\\Sliders\\ImageSlider.tsx": {"path":"C:\\Users\\HP\\Desktop\\Company\\Mahavir-components\\src\\Components\\Sliders\\ImageSlider.tsx","statementMap":{"0":{"start":{"line":1,"column":0},"end":{"line":1,"column":48}},"1":{"start":{"line":2,"column":0},"end":{"line":2,"column":51}},"2":{"start":{"line":3,"column":0},"end":{"line":3,"column":44}},"3":{"start":{"line":4,"column":0},"end":{"line":4,"column":20}},"4":{"start":{"line":5,"column":0},"end":{"line":5,"column":31}},"5":{"start":{"line":6,"column":0},"end":{"line":6,"column":38}},"6":{"start":{"line":12,"column":48},"end":{"line":96,"column":1}},"7":{"start":{"line":14,"column":44},"end":{"line":14,"column":55}},"8":{"start":{"line":15,"column":22},"end":{"line":15,"column":39}},"9":{"start":{"line":17,"column":30},"end":{"line":19,"column":5}},"10":{"start":{"line":18,"column":8},"end":{"line":18,"column":42}},"11":{"start":{"line":21,"column":22},"end":{"line":25,"column":5}},"12":{"start":{"line":22,"column":8},"end":{"line":24,"column":9}},"13":{"start":{"line":23,"column":12},"end":{"line":23,"column":45}},"14":{"start":{"line":28,"column":27},"end":{"line":45,"column":5}},"15":{"start":{"line":29,"column":22},"end":{"line":29,"column":35}},"16":{"start":{"line":30,"column":24},"end":{"line":30,"column":25}},"17":{"start":{"line":32,"column":8},"end":{"line":34,"column":9}},"18":{"start":{"line":33,"column":12},"end":{"line":33,"column":62}},"19":{"start":{"line":33,"column":59},"end":{"line":33,"column":60}},"20":{"start":{"line":36,"column":20},"end":{"line":36,"column":49}},"21":{"start":{"line":37,"column":18},"end":{"line":37,"column":33}},"22":{"start":{"line":39,"column":8},"end":{"line":42,"column":9}},"23":{"start":{"line":40,"column":12},"end":{"line":40,"column":24}},"24":{"start":{"line":41,"column":12},"end":{"line":41,"column":34}},"25":{"start":{"line":44,"column":8},"end":{"line":44,"column":72}},"26":{"start":{"line":44,"column":61},"end":{"line":44,"column":70}},"27":{"start":{"line":47,"column":4},"end":{"line":95,"column":6}},"28":{"start":{"line":54,"column":39},"end":{"line":54,"column":65}},"29":{"start":{"line":58,"column":20},"end":{"line":58,"column":41}},"30":{"start":{"line":78,"column":33},"end":{"line":78,"column":63}},"31":{"start":{"line":79,"column":36},"end":{"line":79,"column":38}},"32":{"start":{"line":81,"column":20},"end":{"line":83,"column":59}},"33":{"start":{"line":81,"column":36},"end":{"line":81,"column":74}},"34":{"start":{"line":82,"column":25},"end":{"line":83,"column":59}},"35":{"start":{"line":82,"column":41},"end":{"line":82,"column":79}},"36":{"start":{"line":83,"column":25},"end":{"line":83,"column":59}},"37":{"start":{"line":85,"column":20},"end":{"line":91,"column":22}},"38":{"start":{"line":88,"column":43},"end":{"line":88,"column":59}},"39":{"start":{"line":98,"column":0},"end":{"line":98,"column":27}}},"fnMap":{"0":{"name":"(anonymous_0)","decl":{"start":{"line":12,"column":48},"end":{"line":12,"column":49}},"loc":{"start":{"line":12,"column":63},"end":{"line":96,"column":1}}},"1":{"name":"(anonymous_1)","decl":{"start":{"line":17,"column":30},"end":{"line":17,"column":31}},"loc":{"start":{"line":17,"column":46},"end":{"line":19,"column":5}}},"2":{"name":"(anonymous_2)","decl":{"start":{"line":21,"column":22},"end":{"line":21,"column":23}},"loc":{"start":{"line":21,"column":40},"end":{"line":25,"column":5}}},"3":{"name":"(anonymous_3)","decl":{"start":{"line":28,"column":27},"end":{"line":28,"column":30}},"loc":{"start":{"line":28,"column":32},"end":{"line":45,"column":5}}},"4":{"name":"(anonymous_4)","decl":{"start":{"line":33,"column":49},"end":{"line":33,"column":50}},"loc":{"start":{"line":33,"column":59},"end":{"line":33,"column":60}}},"5":{"name":"(anonymous_5)","decl":{"start":{"line":44,"column":51},"end":{"line":44,"column":52}},"loc":{"start":{"line":44,"column":61},"end":{"line":44,"column":70}}},"6":{"name":"(anonymous_6)","decl":{"start":{"line":54,"column":26},"end":{"line":54,"column":27}},"loc":{"start":{"line":54,"column":39},"end":{"line":54,"column":65}}},"7":{"name":"(anonymous_7)","decl":{"start":{"line":57,"column":29},"end":{"line":57,"column":30}},"loc":{"start":{"line":58,"column":20},"end":{"line":58,"column":41}}},"8":{"name":"(anonymous_8)","decl":{"start":{"line":77,"column":38},"end":{"line":77,"column":39}},"loc":{"start":{"line":77,"column":48},"end":{"line":92,"column":17}}},"9":{"name":"(anonymous_9)","decl":{"start":{"line":88,"column":37},"end":{"line":88,"column":40}},"loc":{"start":{"line":88,"column":43},"end":{"line":88,"column":59}}}},"branchMap":{"0":{"loc":{"start":{"line":22,"column":8},"end":{"line":24,"column":9}},"type":"if","locations":[{"start":{"line":22,"column":8},"end":{"line":24,"column":9}}]},"1":{"loc":{"start":{"line":32,"column":8},"end":{"line":34,"column":9}},"type":"if","locations":[{"start":{"line":32,"column":8},"end":{"line":34,"column":9}}]},"2":{"loc":{"start":{"line":39,"column":8},"end":{"line":42,"column":9}},"type":"if","locations":[{"start":{"line":39,"column":8},"end":{"line":42,"column":9}}]},"3":{"loc":{"start":{"line":57,"column":17},"end":{"line":72,"column":18}},"type":"cond-expr","locations":[{"start":{"line":57,"column":23},"end":{"line":57,"column":25}},{"start":{"line":57,"column":17},"end":{"line":72,"column":18}}]},"4":{"loc":{"start":{"line":57,"column":17},"end":{"line":57,"column":25}},"type":"binary-expr","locations":[{"start":{"line":57,"column":17},"end":{"line":57,"column":25}},{"start":{"line":57,"column":17},"end":{"line":57,"column":25}}]},"5":{"loc":{"start":{"line":81,"column":20},"end":{"line":83,"column":59}},"type":"if","locations":[{"start":{"line":81,"column":20},"end":{"line":83,"column":59}},{"start":{"line":82,"column":25},"end":{"line":83,"column":59}}]},"6":{"loc":{"start":{"line":82,"column":25},"end":{"line":83,"column":59}},"type":"if","locations":[{"start":{"line":82,"column":25},"end":{"line":83,"column":59}},{"start":{"line":83,"column":25},"end":{"line":83,"column":59}}]}},"s":{"0":0,"1":0,"2":0,"3":0,"4":0,"5":0,"6":0,"7":0,"8":0,"9":0,"10":0,"11":0,"12":0,"13":0,"14":0,"15":0,"16":0,"17":0,"18":0,"19":0,"20":0,"21":0,"22":0,"23":0,"24":0,"25":0,"26":0,"27":0,"28":0,"29":0,"30":0,"31":0,"32":0,"33":0,"34":0,"35":0,"36":0,"37":0,"38":0,"39":0},"f":{"0":0,"1":0,"2":0,"3":0,"4":0,"5":0,"6":0,"7":0,"8":0,"9":0},"b":{"0":[0],"1":[0],"2":[0],"3":[0,0],"4":[0,0],"5":[0,0],"6":[0,0]}}
,"C:\\Users\\HP\\Desktop\\Company\\Mahavir-components\\src\\Components\\Sliders\\VideoSlider.tsx": {"path":"C:\\Users\\HP\\Desktop\\Company\\Mahavir-components\\src\\Components\\Sliders\\VideoSlider.tsx","statementMap":{"0":{"start":{"line":1,"column":0},"end":{"line":1,"column":48}},"1":{"start":{"line":2,"column":0},"end":{"line":2,"column":51}},"2":{"start":{"line":3,"column":0},"end":{"line":3,"column":44}},"3":{"start":{"line":4,"column":0},"end":{"line":4,"column":20}},"4":{"start":{"line":5,"column":0},"end":{"line":5,"column":31}},"5":{"start":{"line":6,"column":0},"end":{"line":6,"column":38}},"6":{"start":{"line":12,"column":48},"end":{"line":93,"column":1}},"7":{"start":{"line":13,"column":42},"end":{"line":13,"column":53}},"8":{"start":{"line":14,"column":20},"end":{"line":14,"column":37}},"9":{"start":{"line":16,"column":28},"end":{"line":18,"column":3}},"10":{"start":{"line":17,"column":4},"end":{"line":17,"column":38}},"11":{"start":{"line":20,"column":20},"end":{"line":24,"column":3}},"12":{"start":{"line":21,"column":4},"end":{"line":23,"column":5}},"13":{"start":{"line":22,"column":6},"end":{"line":22,"column":39}},"14":{"start":{"line":26,"column":25},"end":{"line":43,"column":3}},"15":{"start":{"line":27,"column":18},"end":{"line":27,"column":31}},"16":{"start":{"line":28,"column":20},"end":{"line":28,"column":21}},"17":{"start":{"line":30,"column":4},"end":{"line":32,"column":5}},"18":{"start":{"line":31,"column":6},"end":{"line":31,"column":56}},"19":{"start":{"line":31,"column":53},"end":{"line":31,"column":54}},"20":{"start":{"line":34,"column":16},"end":{"line":34,"column":45}},"21":{"start":{"line":35,"column":14},"end":{"line":35,"column":29}},"22":{"start":{"line":37,"column":4},"end":{"line":40,"column":5}},"23":{"start":{"line":38,"column":6},"end":{"line":38,"column":18}},"24":{"start":{"line":39,"column":6},"end":{"line":39,"column":28}},"25":{"start":{"line":42,"column":4},"end":{"line":42,"column":68}},"26":{"start":{"line":42,"column":57},"end":{"line":42,"column":66}},"27":{"start":{"line":45,"column":2},"end":{"line":92,"column":4}},"28":{"start":{"line":52,"column":31},"end":{"line":52,"column":57}},"29":{"start":{"line":56,"column":10},"end":{"line":56,"column":null}},"30":{"start":{"line":75,"column":23},"end":{"line":75,"column":53}},"31":{"start":{"line":76,"column":26},"end":{"line":76,"column":28}},"32":{"start":{"line":78,"column":10},"end":{"line":80,"column":49}},"33":{"start":{"line":78,"column":26},"end":{"line":78,"column":64}},"34":{"start":{"line":79,"column":15},"end":{"line":80,"column":49}},"35":{"start":{"line":79,"column":31},"end":{"line":79,"column":69}},"36":{"start":{"line":80,"column":15},"end":{"line":80,"column":49}},"37":{"start":{"line":82,"column":10},"end":{"line":88,"column":12}},"38":{"start":{"line":85,"column":29},"end":{"line":85,"column":45}},"39":{"start":{"line":95,"column":0},"end":{"line":95,"column":27}}},"fnMap":{"0":{"name":"(anonymous_0)","decl":{"start":{"line":12,"column":48},"end":{"line":12,"column":49}},"loc":{"start":{"line":12,"column":63},"end":{"line":93,"column":1}}},"1":{"name":"(anonymous_1)","decl":{"start":{"line":16,"column":28},"end":{"line":16,"column":29}},"loc":{"start":{"line":16,"column":44},"end":{"line":18,"column":3}}},"2":{"name":"(anonymous_2)","decl":{"start":{"line":20,"column":20},"end":{"line":20,"column":21}},"loc":{"start":{"line":20,"column":38},"end":{"line":24,"column":3}}},"3":{"name":"(anonymous_3)","decl":{"start":{"line":26,"column":25},"end":{"line":26,"column":28}},"loc":{"start":{"line":26,"column":30},"end":{"line":43,"column":3}}},"4":{"name":"(anonymous_4)","decl":{"start":{"line":31,"column":43},"end":{"line":31,"column":44}},"loc":{"start":{"line":31,"column":53},"end":{"line":31,"column":54}}},"5":{"name":"(anonymous_5)","decl":{"start":{"line":42,"column":47},"end":{"line":42,"column":48}},"loc":{"start":{"line":42,"column":57},"end":{"line":42,"column":66}}},"6":{"name":"(anonymous_6)","decl":{"start":{"line":52,"column":18},"end":{"line":52,"column":19}},"loc":{"start":{"line":52,"column":31},"end":{"line":52,"column":57}}},"7":{"name":"(anonymous_7)","decl":{"start":{"line":55,"column":20},"end":{"line":55,"column":21}},"loc":{"start":{"line":56,"column":10},"end":{"line":56,"column":null}}},"8":{"name":"(anonymous_8)","decl":{"start":{"line":74,"column":30},"end":{"line":74,"column":31}},"loc":{"start":{"line":74,"column":40},"end":{"line":89,"column":9}}},"9":{"name":"(anonymous_9)","decl":{"start":{"line":85,"column":23},"end":{"line":85,"column":26}},"loc":{"start":{"line":85,"column":29},"end":{"line":85,"column":45}}}},"branchMap":{"0":{"loc":{"start":{"line":21,"column":4},"end":{"line":23,"column":5}},"type":"if","locations":[{"start":{"line":21,"column":4},"end":{"line":23,"column":5}}]},"1":{"loc":{"start":{"line":30,"column":4},"end":{"line":32,"column":5}},"type":"if","locations":[{"start":{"line":30,"column":4},"end":{"line":32,"column":5}}]},"2":{"loc":{"start":{"line":37,"column":4},"end":{"line":40,"column":5}},"type":"if","locations":[{"start":{"line":37,"column":4},"end":{"line":40,"column":5}}]},"3":{"loc":{"start":{"line":78,"column":10},"end":{"line":80,"column":49}},"type":"if","locations":[{"start":{"line":78,"column":10},"end":{"line":80,"column":49}},{"start":{"line":79,"column":15},"end":{"line":80,"column":49}}]},"4":{"loc":{"start":{"line":79,"column":15},"end":{"line":80,"column":49}},"type":"if","locations":[{"start":{"line":79,"column":15},"end":{"line":80,"column":49}},{"start":{"line":80,"column":15},"end":{"line":80,"column":49}}]}},"s":{"0":0,"1":0,"2":0,"3":0,"4":0,"5":0,"6":0,"7":0,"8":0,"9":0,"10":0,"11":0,"12":0,"13":0,"14":0,"15":0,"16":0,"17":0,"18":0,"19":0,"20":0,"21":0,"22":0,"23":0,"24":0,"25":0,"26":0,"27":0,"28":0,"29":0,"30":0,"31":0,"32":0,"33":0,"34":0,"35":0,"36":0,"37":0,"38":0,"39":0},"f":{"0":0,"1":0,"2":0,"3":0,"4":0,"5":0,"6":0,"7":0,"8":0,"9":0},"b":{"0":[0],"1":[0],"2":[0],"3":[0,0],"4":[0,0]}}
,"C:\\Users\\HP\\Desktop\\Company\\Mahavir-components\\src\\Components\\Stepper\\Stepper.tsx": {"path":"C:\\Users\\HP\\Desktop\\Company\\Mahavir-components\\src\\Components\\Stepper\\Stepper.tsx","statementMap":{"0":{"start":{"line":2,"column":0},"end":{"line":2,"column":40}},"1":{"start":{"line":3,"column":0},"end":{"line":3,"column":64}},"2":{"start":{"line":18,"column":22},"end":{"line":22,"column":2}},"3":{"start":{"line":24,"column":40},"end":{"line":116,"column":1}},"4":{"start":{"line":29,"column":2},"end":{"line":115,"column":4}},"5":{"start":{"line":32,"column":21},"end":{"line":32,"column":30}},"6":{"start":{"line":33,"column":25},"end":{"line":33,"column":47}},"7":{"start":{"line":35,"column":10},"end":{"line":35,"column":61}},"8":{"start":{"line":37,"column":8},"end":{"line":112,"column":10}},"9":{"start":{"line":48,"column":14},"end":{"line":48,"column":37}},"10":{"start":{"line":48,"column":30},"end":{"line":48,"column":37}},"11":{"start":{"line":49,"column":14},"end":{"line":49,"column":35}},"12":{"start":{"line":52,"column":14},"end":{"line":54,"column":15}},"13":{"start":{"line":53,"column":16},"end":{"line":53,"column":37}},"14":{"start":{"line":118,"column":0},"end":{"line":118,"column":23}}},"fnMap":{"0":{"name":"(anonymous_0)","decl":{"start":{"line":24,"column":40},"end":{"line":24,"column":41}},"loc":{"start":{"line":28,"column":5},"end":{"line":116,"column":1}}},"1":{"name":"(anonymous_1)","decl":{"start":{"line":31,"column":17},"end":{"line":31,"column":18}},"loc":{"start":{"line":31,"column":33},"end":{"line":113,"column":7}}},"2":{"name":"(anonymous_2)","decl":{"start":{"line":47,"column":21},"end":{"line":47,"column":24}},"loc":{"start":{"line":47,"column":26},"end":{"line":50,"column":13}}},"3":{"name":"(anonymous_3)","decl":{"start":{"line":51,"column":23},"end":{"line":51,"column":24}},"loc":{"start":{"line":51,"column":29},"end":{"line":55,"column":13}}}},"branchMap":{"0":{"loc":{"start":{"line":35,"column":10},"end":{"line":35,"column":61}},"type":"binary-expr","locations":[{"start":{"line":35,"column":10},"end":{"line":35,"column":23}},{"start":{"line":35,"column":28},"end":{"line":35,"column":42}},{"start":{"line":35,"column":46},"end":{"line":35,"column":60}}]},"1":{"loc":{"start":{"line":43,"column":26},"end":{"line":43,"column":55}},"type":"cond-expr","locations":[{"start":{"line":43,"column":37},"end":{"line":43,"column":43}},{"start":{"line":43,"column":46},"end":{"line":43,"column":55}}]},"2":{"loc":{"start":{"line":48,"column":14},"end":{"line":48,"column":37}},"type":"if","locations":[{"start":{"line":48,"column":14},"end":{"line":48,"column":37}}]},"3":{"loc":{"start":{"line":52,"column":14},"end":{"line":54,"column":15}},"type":"if","locations":[{"start":{"line":52,"column":14},"end":{"line":54,"column":15}}]},"4":{"loc":{"start":{"line":52,"column":18},"end":{"line":52,"column":69}},"type":"binary-expr","locations":[{"start":{"line":52,"column":19},"end":{"line":52,"column":36}},{"start":{"line":52,"column":40},"end":{"line":52,"column":53}},{"start":{"line":52,"column":58},"end":{"line":52,"column":69}}]},"5":{"loc":{"start":{"line":57,"column":16},"end":{"line":57,"column":81}},"type":"cond-expr","locations":[{"start":{"line":57,"column":27},"end":{"line":57,"column":50}},{"start":{"line":57,"column":53},"end":{"line":57,"column":81}}]},"6":{"loc":{"start":{"line":58,"column":16},"end":{"line":58,"column":54}},"type":"cond-expr","locations":[{"start":{"line":58,"column":30},"end":{"line":58,"column":49}},{"start":{"line":58,"column":52},"end":{"line":58,"column":54}}]},"7":{"loc":{"start":{"line":59,"column":16},"end":{"line":59,"column":64}},"type":"cond-expr","locations":[{"start":{"line":59,"column":45},"end":{"line":59,"column":59}},{"start":{"line":59,"column":62},"end":{"line":59,"column":64}}]},"8":{"loc":{"start":{"line":60,"column":16},"end":{"line":60,"column":66}},"type":"cond-expr","locations":[{"start":{"line":60,"column":29},"end":{"line":60,"column":61}},{"start":{"line":60,"column":64},"end":{"line":60,"column":66}}]},"9":{"loc":{"start":{"line":64,"column":16},"end":{"line":64,"column":null}},"type":"cond-expr","locations":[{"start":{"line":64,"column":32},"end":{"line":64,"column":46}},{"start":{"line":64,"column":49},"end":{"line":64,"column":null}}]},"10":{"loc":{"start":{"line":93,"column":18},"end":{"line":95,"column":null}},"type":"cond-expr","locations":[{"start":{"line":94,"column":22},"end":{"line":94,"column":71}},{"start":{"line":95,"column":22},"end":{"line":95,"column":null}}]},"11":{"loc":{"start":{"line":103,"column":22},"end":{"line":105,"column":null}},"type":"cond-expr","locations":[{"start":{"line":104,"column":26},"end":{"line":104,"column":71}},{"start":{"line":105,"column":26},"end":{"line":105,"column":null}}]}},"s":{"0":0,"1":0,"2":0,"3":0,"4":0,"5":0,"6":0,"7":0,"8":0,"9":0,"10":0,"11":0,"12":0,"13":0,"14":0},"f":{"0":0,"1":0,"2":0,"3":0},"b":{"0":[0,0,0],"1":[0,0],"2":[0],"3":[0],"4":[0,0,0],"5":[0,0],"6":[0,0],"7":[0,0],"8":[0,0],"9":[0,0],"10":[0,0],"11":[0,0]}}
,"C:\\Users\\HP\\Desktop\\Company\\Mahavir-components\\src\\Components\\Steps\\StepOne.tsx": {"path":"C:\\Users\\HP\\Desktop\\Company\\Mahavir-components\\src\\Components\\Steps\\StepOne.tsx","statementMap":{"0":{"start":{"line":1,"column":0},"end":{"line":1,"column":40}},"1":{"start":{"line":2,"column":0},"end":{"line":2,"column":37}},"2":{"start":{"line":3,"column":0},"end":{"line":3,"column":45}},"3":{"start":{"line":4,"column":0},"end":{"line":4,"column":49}},"4":{"start":{"line":5,"column":0},"end":{"line":5,"column":51}},"5":{"start":{"line":6,"column":0},"end":{"line":6,"column":44}},"6":{"start":{"line":7,"column":0},"end":{"line":7,"column":43}},"7":{"start":{"line":14,"column":26},"end":{"line":152,"column":1}},"8":{"start":{"line":15,"column":44},"end":{"line":15,"column":63}},"9":{"start":{"line":16,"column":26},"end":{"line":16,"column":50}},"10":{"start":{"line":17,"column":48},"end":{"line":17,"column":72}},"11":{"start":{"line":18,"column":34},"end":{"line":18,"column":73}},"12":{"start":{"line":20,"column":23},"end":{"line":23,"column":3}},"13":{"start":{"line":21,"column":4},"end":{"line":21,"column":24}},"14":{"start":{"line":22,"column":4},"end":{"line":22,"column":19}},"15":{"start":{"line":25,"column":2},"end":{"line":151,"column":4}},"16":{"start":{"line":41,"column":10},"end":{"line":42,"column":null}},"17":{"start":{"line":47,"column":27},"end":{"line":47,"column":50}},"18":{"start":{"line":68,"column":31},"end":{"line":68,"column":56}},"19":{"start":{"line":76,"column":16},"end":{"line":77,"column":null}},"20":{"start":{"line":83,"column":20},"end":{"line":83,"column":44}},"21":{"start":{"line":84,"column":20},"end":{"line":84,"column":46}},"22":{"start":{"line":118,"column":33},"end":{"line":118,"column":57}},"23":{"start":{"line":124,"column":29},"end":{"line":124,"column":43}},"24":{"start":{"line":132,"column":33},"end":{"line":132,"column":68}},"25":{"start":{"line":138,"column":33},"end":{"line":138,"column":68}},"26":{"start":{"line":154,"column":0},"end":{"line":154,"column":23}}},"fnMap":{"0":{"name":"(anonymous_1)","decl":{"start":{"line":14,"column":26},"end":{"line":14,"column":29}},"loc":{"start":{"line":14,"column":31},"end":{"line":152,"column":1}}},"1":{"name":"(anonymous_2)","decl":{"start":{"line":20,"column":23},"end":{"line":20,"column":24}},"loc":{"start":{"line":20,"column":42},"end":{"line":23,"column":3}}},"2":{"name":"(anonymous_3)","decl":{"start":{"line":40,"column":24},"end":{"line":40,"column":25}},"loc":{"start":{"line":41,"column":10},"end":{"line":42,"column":null}}},"3":{"name":"(anonymous_4)","decl":{"start":{"line":47,"column":21},"end":{"line":47,"column":24}},"loc":{"start":{"line":47,"column":27},"end":{"line":47,"column":50}}},"4":{"name":"(anonymous_5)","decl":{"start":{"line":68,"column":25},"end":{"line":68,"column":28}},"loc":{"start":{"line":68,"column":31},"end":{"line":68,"column":56}}},"5":{"name":"(anonymous_6)","decl":{"start":{"line":75,"column":30},"end":{"line":75,"column":31}},"loc":{"start":{"line":76,"column":16},"end":{"line":77,"column":null}}},"6":{"name":"(anonymous_7)","decl":{"start":{"line":82,"column":27},"end":{"line":82,"column":30}},"loc":{"start":{"line":82,"column":32},"end":{"line":85,"column":19}}},"7":{"name":"(anonymous_8)","decl":{"start":{"line":118,"column":27},"end":{"line":118,"column":30}},"loc":{"start":{"line":118,"column":33},"end":{"line":118,"column":57}}},"8":{"name":"(anonymous_9)","decl":{"start":{"line":124,"column":23},"end":{"line":124,"column":26}},"loc":{"start":{"line":124,"column":29},"end":{"line":124,"column":43}}},"9":{"name":"(anonymous_10)","decl":{"start":{"line":132,"column":27},"end":{"line":132,"column":30}},"loc":{"start":{"line":132,"column":33},"end":{"line":132,"column":68}}},"10":{"name":"(anonymous_11)","decl":{"start":{"line":138,"column":27},"end":{"line":138,"column":30}},"loc":{"start":{"line":138,"column":33},"end":{"line":138,"column":68}}}},"branchMap":{"0":{"loc":{"start":{"line":43,"column":160},"end":{"line":45,"column":null}},"type":"cond-expr","locations":[{"start":{"line":44,"column":16},"end":{"line":44,"column":39}},{"start":{"line":45,"column":16},"end":{"line":45,"column":null}}]},"1":{"loc":{"start":{"line":61,"column":7},"end":{"line":95,"column":null}},"type":"binary-expr","locations":[{"start":{"line":61,"column":7},"end":{"line":61,"column":22}},{"start":{"line":62,"column":8},"end":{"line":94,"column":null}}]},"2":{"loc":{"start":{"line":78,"column":165},"end":{"line":80,"column":null}},"type":"cond-expr","locations":[{"start":{"line":79,"column":22},"end":{"line":79,"column":45}},{"start":{"line":80,"column":22},"end":{"line":80,"column":null}}]},"3":{"loc":{"start":{"line":129,"column":13},"end":{"line":143,"column":null}},"type":"binary-expr","locations":[{"start":{"line":129,"column":13},"end":{"line":129,"column":17}},{"start":{"line":130,"column":14},"end":{"line":142,"column":null}}]}},"s":{"0":0,"1":0,"2":0,"3":0,"4":0,"5":0,"6":0,"7":0,"8":0,"9":0,"10":0,"11":0,"12":0,"13":0,"14":0,"15":0,"16":0,"17":0,"18":0,"19":0,"20":0,"21":0,"22":0,"23":0,"24":0,"25":0,"26":0},"f":{"0":0,"1":0,"2":0,"3":0,"4":0,"5":0,"6":0,"7":0,"8":0,"9":0,"10":0},"b":{"0":[0,0],"1":[0,0],"2":[0,0],"3":[0,0]}}
,"C:\\Users\\HP\\Desktop\\Company\\Mahavir-components\\src\\Components\\Steps\\StepThree.tsx": {"path":"C:\\Users\\HP\\Desktop\\Company\\Mahavir-components\\src\\Components\\Steps\\StepThree.tsx","statementMap":{"0":{"start":{"line":3,"column":28},"end":{"line":11,"column":1}},"1":{"start":{"line":4,"column":2},"end":{"line":10,"column":4}},"2":{"start":{"line":13,"column":0},"end":{"line":13,"column":25}}},"fnMap":{"0":{"name":"(anonymous_0)","decl":{"start":{"line":3,"column":28},"end":{"line":3,"column":31}},"loc":{"start":{"line":3,"column":33},"end":{"line":11,"column":1}}}},"branchMap":{},"s":{"0":0,"1":0,"2":0},"f":{"0":0},"b":{}}
,"C:\\Users\\HP\\Desktop\\Company\\Mahavir-components\\src\\Components\\Steps\\StepTwo.tsx": {"path":"C:\\Users\\HP\\Desktop\\Company\\Mahavir-components\\src\\Components\\Steps\\StepTwo.tsx","statementMap":{"0":{"start":{"line":1,"column":0},"end":{"line":1,"column":40}},"1":{"start":{"line":2,"column":0},"end":{"line":2,"column":37}},"2":{"start":{"line":11,"column":40},"end":{"line":65,"column":1}},"3":{"start":{"line":12,"column":34},"end":{"line":12,"column":68}},"4":{"start":{"line":14,"column":22},"end":{"line":14,"column":74}},"5":{"start":{"line":14,"column":53},"end":{"line":14,"column":73}},"6":{"start":{"line":16,"column":23},"end":{"line":19,"column":3}},"7":{"start":{"line":17,"column":4},"end":{"line":17,"column":20}},"8":{"start":{"line":18,"column":4},"end":{"line":18,"column":24}},"9":{"start":{"line":21,"column":2},"end":{"line":64,"column":4}},"10":{"start":{"line":46,"column":12},"end":{"line":47,"column":null}},"11":{"start":{"line":48,"column":29},"end":{"line":48,"column":61}},"12":{"start":{"line":67,"column":0},"end":{"line":67,"column":23}}},"fnMap":{"0":{"name":"(anonymous_0)","decl":{"start":{"line":11,"column":40},"end":{"line":11,"column":41}},"loc":{"start":{"line":11,"column":77},"end":{"line":65,"column":1}}},"1":{"name":"(anonymous_1)","decl":{"start":{"line":14,"column":43},"end":{"line":14,"column":44}},"loc":{"start":{"line":14,"column":53},"end":{"line":14,"column":73}}},"2":{"name":"(anonymous_2)","decl":{"start":{"line":16,"column":23},"end":{"line":16,"column":24}},"loc":{"start":{"line":16,"column":52},"end":{"line":19,"column":3}}},"3":{"name":"(anonymous_3)","decl":{"start":{"line":45,"column":26},"end":{"line":45,"column":27}},"loc":{"start":{"line":46,"column":12},"end":{"line":47,"column":null}}},"4":{"name":"(anonymous_4)","decl":{"start":{"line":48,"column":23},"end":{"line":48,"column":26}},"loc":{"start":{"line":48,"column":29},"end":{"line":48,"column":61}}}},"branchMap":{"0":{"loc":{"start":{"line":50,"column":16},"end":{"line":50,"column":null}},"type":"cond-expr","locations":[{"start":{"line":50,"column":39},"end":{"line":50,"column":49}},{"start":{"line":50,"column":52},"end":{"line":50,"column":null}}]}},"s":{"0":0,"1":0,"2":0,"3":0,"4":0,"5":0,"6":0,"7":0,"8":0,"9":0,"10":0,"11":0,"12":0},"f":{"0":0,"1":0,"2":0,"3":0,"4":0},"b":{"0":[0,0]}}
,"C:\\Users\\HP\\Desktop\\Company\\Mahavir-components\\src\\Pages\\Home.tsx": {"path":"C:\\Users\\HP\\Desktop\\Company\\Mahavir-components\\src\\Pages\\Home.tsx","statementMap":{"0":{"start":{"line":2,"column":23},"end":{"line":10,"column":1}},"1":{"start":{"line":5,"column":2},"end":{"line":9,"column":4}},"2":{"start":{"line":12,"column":0},"end":{"line":12,"column":20}}},"fnMap":{"0":{"name":"(anonymous_0)","decl":{"start":{"line":2,"column":23},"end":{"line":2,"column":26}},"loc":{"start":{"line":2,"column":28},"end":{"line":10,"column":1}}}},"branchMap":{},"s":{"0":0,"1":0,"2":0},"f":{"0":0},"b":{}}
,"C:\\Users\\HP\\Desktop\\Company\\Mahavir-components\\src\\Pages\\ProductPage\\Accordion.tsx": {"path":"C:\\Users\\HP\\Desktop\\Company\\Mahavir-components\\src\\Pages\\ProductPage\\Accordion.tsx","statementMap":{"0":{"start":{"line":1,"column":0},"end":{"line":1,"column":40}},"1":{"start":{"line":2,"column":0},"end":{"line":2,"column":48}},"2":{"start":{"line":3,"column":0},"end":{"line":3,"column":47}},"3":{"start":{"line":4,"column":0},"end":{"line":4,"column":59}},"4":{"start":{"line":5,"column":0},"end":{"line":5,"column":40}},"5":{"start":{"line":7,"column":28},"end":{"line":80,"column":1}},"6":{"start":{"line":8,"column":30},"end":{"line":8,"column":59}},"7":{"start":{"line":10,"column":21},"end":{"line":12,"column":3}},"8":{"start":{"line":11,"column":4},"end":{"line":11,"column":41}},"9":{"start":{"line":14,"column":2},"end":{"line":79,"column":4}},"10":{"start":{"line":19,"column":25},"end":{"line":19,"column":38}},"11":{"start":{"line":40,"column":25},"end":{"line":40,"column":38}},"12":{"start":{"line":61,"column":25},"end":{"line":61,"column":38}},"13":{"start":{"line":82,"column":0},"end":{"line":82,"column":25}}},"fnMap":{"0":{"name":"(anonymous_0)","decl":{"start":{"line":7,"column":28},"end":{"line":7,"column":31}},"loc":{"start":{"line":7,"column":33},"end":{"line":80,"column":1}}},"1":{"name":"(anonymous_1)","decl":{"start":{"line":10,"column":21},"end":{"line":10,"column":22}},"loc":{"start":{"line":10,"column":36},"end":{"line":12,"column":3}}},"2":{"name":"(anonymous_2)","decl":{"start":{"line":19,"column":19},"end":{"line":19,"column":22}},"loc":{"start":{"line":19,"column":25},"end":{"line":19,"column":38}}},"3":{"name":"(anonymous_3)","decl":{"start":{"line":40,"column":19},"end":{"line":40,"column":22}},"loc":{"start":{"line":40,"column":25},"end":{"line":40,"column":38}}},"4":{"name":"(anonymous_4)","decl":{"start":{"line":61,"column":19},"end":{"line":61,"column":22}},"loc":{"start":{"line":61,"column":25},"end":{"line":61,"column":38}}}},"branchMap":{"0":{"loc":{"start":{"line":11,"column":14},"end":{"line":11,"column":39}},"type":"cond-expr","locations":[{"start":{"line":11,"column":30},"end":{"line":11,"column":34}},{"start":{"line":11,"column":37},"end":{"line":11,"column":39}}]},"1":{"loc":{"start":{"line":17,"column":29},"end":{"line":17,"column":62}},"type":"cond-expr","locations":[{"start":{"line":17,"column":44},"end":{"line":17,"column":57}},{"start":{"line":17,"column":60},"end":{"line":17,"column":62}}]},"2":{"loc":{"start":{"line":20,"column":151},"end":{"line":20,"column":184}},"type":"cond-expr","locations":[{"start":{"line":20,"column":166},"end":{"line":20,"column":179}},{"start":{"line":20,"column":182},"end":{"line":20,"column":184}}]},"3":{"loc":{"start":{"line":27,"column":83},"end":{"line":27,"column":115}},"type":"cond-expr","locations":[{"start":{"line":27,"column":98},"end":{"line":27,"column":110}},{"start":{"line":27,"column":113},"end":{"line":27,"column":115}}]},"4":{"loc":{"start":{"line":31,"column":95},"end":{"line":31,"column":148}},"type":"cond-expr","locations":[{"start":{"line":31,"column":110},"end":{"line":31,"column":131}},{"start":{"line":31,"column":134},"end":{"line":31,"column":148}}]},"5":{"loc":{"start":{"line":38,"column":29},"end":{"line":38,"column":62}},"type":"cond-expr","locations":[{"start":{"line":38,"column":44},"end":{"line":38,"column":57}},{"start":{"line":38,"column":60},"end":{"line":38,"column":62}}]},"6":{"loc":{"start":{"line":41,"column":151},"end":{"line":41,"column":184}},"type":"cond-expr","locations":[{"start":{"line":41,"column":166},"end":{"line":41,"column":179}},{"start":{"line":41,"column":182},"end":{"line":41,"column":184}}]},"7":{"loc":{"start":{"line":48,"column":83},"end":{"line":48,"column":115}},"type":"cond-expr","locations":[{"start":{"line":48,"column":98},"end":{"line":48,"column":110}},{"start":{"line":48,"column":113},"end":{"line":48,"column":115}}]},"8":{"loc":{"start":{"line":52,"column":95},"end":{"line":52,"column":147}},"type":"cond-expr","locations":[{"start":{"line":52,"column":110},"end":{"line":52,"column":130}},{"start":{"line":52,"column":133},"end":{"line":52,"column":147}}]},"9":{"loc":{"start":{"line":59,"column":29},"end":{"line":59,"column":86}},"type":"cond-expr","locations":[{"start":{"line":59,"column":44},"end":{"line":59,"column":57}},{"start":{"line":59,"column":60},"end":{"line":59,"column":86}}]},"10":{"loc":{"start":{"line":62,"column":151},"end":{"line":62,"column":184}},"type":"cond-expr","locations":[{"start":{"line":62,"column":166},"end":{"line":62,"column":179}},{"start":{"line":62,"column":182},"end":{"line":62,"column":184}}]},"11":{"loc":{"start":{"line":69,"column":83},"end":{"line":69,"column":115}},"type":"cond-expr","locations":[{"start":{"line":69,"column":98},"end":{"line":69,"column":110}},{"start":{"line":69,"column":113},"end":{"line":69,"column":115}}]},"12":{"loc":{"start":{"line":73,"column":95},"end":{"line":73,"column":147}},"type":"cond-expr","locations":[{"start":{"line":73,"column":110},"end":{"line":73,"column":130}},{"start":{"line":73,"column":133},"end":{"line":73,"column":147}}]}},"s":{"0":0,"1":0,"2":0,"3":0,"4":0,"5":0,"6":0,"7":0,"8":0,"9":0,"10":0,"11":0,"12":0,"13":0},"f":{"0":0,"1":0,"2":0,"3":0,"4":0},"b":{"0":[0,0],"1":[0,0],"2":[0,0],"3":[0,0],"4":[0,0],"5":[0,0],"6":[0,0],"7":[0,0],"8":[0,0],"9":[0,0],"10":[0,0],"11":[0,0],"12":[0,0]}}
,"C:\\Users\\HP\\Desktop\\Company\\Mahavir-components\\src\\Pages\\ProductPage\\DiamondRingPreview.tsx": {"path":"C:\\Users\\HP\\Desktop\\Company\\Mahavir-components\\src\\Pages\\ProductPage\\DiamondRingPreview.tsx","statementMap":{"0":{"start":{"line":1,"column":0},"end":{"line":1,"column":48}},"1":{"start":{"line":6,"column":62},"end":{"line":96,"column":1}},"2":{"start":{"line":9,"column":27},"end":{"line":9,"column":72}},"3":{"start":{"line":11,"column":51},"end":{"line":21,"column":6}},"4":{"start":{"line":23,"column":44},"end":{"line":23,"column":57}},"5":{"start":{"line":24,"column":42},"end":{"line":24,"column":71}},"6":{"start":{"line":26,"column":25},"end":{"line":26,"column":60}},"7":{"start":{"line":28,"column":27},"end":{"line":53,"column":5}},"8":{"start":{"line":29,"column":23},"end":{"line":29,"column":52}},"9":{"start":{"line":30,"column":8},"end":{"line":30,"column":39}},"10":{"start":{"line":32,"column":8},"end":{"line":32,"column":70}},"11":{"start":{"line":32,"column":34},"end":{"line":32,"column":70}},"12":{"start":{"line":34,"column":8},"end":{"line":52,"column":15}},"13":{"start":{"line":35,"column":12},"end":{"line":51,"column":15}},"14":{"start":{"line":36,"column":16},"end":{"line":39,"column":17}},"15":{"start":{"line":37,"column":20},"end":{"line":37,"column":57}},"16":{"start":{"line":38,"column":20},"end":{"line":38,"column":32}},"17":{"start":{"line":41,"column":29},"end":{"line":41,"column":33}},"18":{"start":{"line":42,"column":34},"end":{"line":42,"column":56}},"19":{"start":{"line":43,"column":29},"end":{"line":43,"column":77}},"20":{"start":{"line":45,"column":16},"end":{"line":48,"column":17}},"21":{"start":{"line":46,"column":20},"end":{"line":46,"column":57}},"22":{"start":{"line":47,"column":20},"end":{"line":47,"column":34}},"23":{"start":{"line":50,"column":16},"end":{"line":50,"column":28}},"24":{"start":{"line":55,"column":4},"end":{"line":95,"column":6}},"25":{"start":{"line":82,"column":24},"end":{"line":82,"column":null}},"26":{"start":{"line":83,"column":52},"end":{"line":83,"column":74}},"27":{"start":{"line":98,"column":0},"end":{"line":98,"column":34}}},"fnMap":{"0":{"name":"(anonymous_9)","decl":{"start":{"line":6,"column":62},"end":{"line":6,"column":63}},"loc":{"start":{"line":6,"column":80},"end":{"line":96,"column":1}}},"1":{"name":"(anonymous_10)","decl":{"start":{"line":28,"column":27},"end":{"line":28,"column":28}},"loc":{"start":{"line":28,"column":53},"end":{"line":53,"column":5}}},"2":{"name":"(anonymous_11)","decl":{"start":{"line":34,"column":43},"end":{"line":34,"column":46}},"loc":{"start":{"line":34,"column":48},"end":{"line":52,"column":9}}},"3":{"name":"(anonymous_12)","decl":{"start":{"line":35,"column":27},"end":{"line":35,"column":31}},"loc":{"start":{"line":35,"column":34},"end":{"line":51,"column":13}}},"4":{"name":"(anonymous_13)","decl":{"start":{"line":81,"column":40},"end":{"line":81,"column":41}},"loc":{"start":{"line":82,"column":24},"end":{"line":82,"column":null}}},"5":{"name":"(anonymous_14)","decl":{"start":{"line":83,"column":46},"end":{"line":83,"column":49}},"loc":{"start":{"line":83,"column":52},"end":{"line":83,"column":74}}}},"branchMap":{"0":{"loc":{"start":{"line":32,"column":8},"end":{"line":32,"column":70}},"type":"if","locations":[{"start":{"line":32,"column":8},"end":{"line":32,"column":70}}]},"1":{"loc":{"start":{"line":36,"column":16},"end":{"line":39,"column":17}},"type":"if","locations":[{"start":{"line":36,"column":16},"end":{"line":39,"column":17}}]},"2":{"loc":{"start":{"line":42,"column":34},"end":{"line":42,"column":56}},"type":"cond-expr","locations":[{"start":{"line":42,"column":50},"end":{"line":42,"column":51}},{"start":{"line":42,"column":54},"end":{"line":42,"column":56}}]},"3":{"loc":{"start":{"line":45,"column":16},"end":{"line":48,"column":17}},"type":"if","locations":[{"start":{"line":45,"column":16},"end":{"line":48,"column":17}}]},"4":{"loc":{"start":{"line":45,"column":20},"end":{"line":45,"column":95}},"type":"binary-expr","locations":[{"start":{"line":45,"column":21},"end":{"line":45,"column":36}},{"start":{"line":45,"column":40},"end":{"line":45,"column":54}},{"start":{"line":45,"column":60},"end":{"line":45,"column":76}},{"start":{"line":45,"column":80},"end":{"line":45,"column":94}}]},"5":{"loc":{"start":{"line":59,"column":167},"end":{"line":59,"column":182}},"type":"binary-expr","locations":[{"start":{"line":59,"column":167},"end":{"line":59,"column":176}},{"start":{"line":59,"column":180},"end":{"line":59,"column":182}}]},"6":{"loc":{"start":{"line":84,"column":26},"end":{"line":84,"column":99}},"type":"cond-expr","locations":[{"start":{"line":84,"column":52},"end":{"line":84,"column":64}},{"start":{"line":84,"column":67},"end":{"line":84,"column":99}}]},"7":{"loc":{"start":{"line":87,"column":29},"end":{"line":88,"column":null}},"type":"binary-expr","locations":[{"start":{"line":87,"column":29},"end":{"line":87,"column":62}},{"start":{"line":88,"column":32},"end":{"line":88,"column":89}}]}},"s":{"0":0,"1":0,"2":0,"3":0,"4":0,"5":0,"6":0,"7":0,"8":0,"9":0,"10":0,"11":0,"12":0,"13":0,"14":0,"15":0,"16":0,"17":0,"18":0,"19":0,"20":0,"21":0,"22":0,"23":0,"24":0,"25":0,"26":0,"27":0},"f":{"0":0,"1":0,"2":0,"3":0,"4":0,"5":0},"b":{"0":[0],"1":[0],"2":[0,0],"3":[0],"4":[0,0,0,0],"5":[0,0],"6":[0,0],"7":[0,0]}}
,"C:\\Users\\HP\\Desktop\\Company\\Mahavir-components\\src\\Pages\\ProductPage\\HeroSection.tsx": {"path":"C:\\Users\\HP\\Desktop\\Company\\Mahavir-components\\src\\Pages\\ProductPage\\HeroSection.tsx","statementMap":{"0":{"start":{"line":1,"column":0},"end":{"line":1,"column":40}},"1":{"start":{"line":2,"column":0},"end":{"line":2,"column":63}},"2":{"start":{"line":3,"column":0},"end":{"line":3,"column":63}},"3":{"start":{"line":4,"column":0},"end":{"line":4,"column":48}},"4":{"start":{"line":5,"column":0},"end":{"line":5,"column":48}},"5":{"start":{"line":6,"column":0},"end":{"line":6,"column":54}},"6":{"start":{"line":7,"column":0},"end":{"line":7,"column":49}},"7":{"start":{"line":8,"column":0},"end":{"line":8,"column":51}},"8":{"start":{"line":33,"column":13},"end":{"line":37,"column":2}},"9":{"start":{"line":39,"column":56},"end":{"line":160,"column":1}},"10":{"start":{"line":40,"column":36},"end":{"line":40,"column":79}},"11":{"start":{"line":41,"column":22},"end":{"line":41,"column":64}},"12":{"start":{"line":41,"column":44},"end":{"line":41,"column":63}},"13":{"start":{"line":43,"column":2},"end":{"line":159,"column":4}},"14":{"start":{"line":50,"column":73},"end":{"line":50,"column":81}},"15":{"start":{"line":67,"column":12},"end":{"line":68,"column":null}},"16":{"start":{"line":70,"column":29},"end":{"line":70,"column":53}},"17":{"start":{"line":91,"column":14},"end":{"line":91,"column":43}},"18":{"start":{"line":108,"column":71},"end":{"line":108,"column":79}},"19":{"start":{"line":116,"column":14},"end":{"line":116,"column":null}},"20":{"start":{"line":133,"column":14},"end":{"line":133,"column":null}},"21":{"start":{"line":143,"column":14},"end":{"line":143,"column":null}},"22":{"start":{"line":162,"column":0},"end":{"line":162,"column":27}}},"fnMap":{"0":{"name":"(anonymous_10)","decl":{"start":{"line":39,"column":56},"end":{"line":39,"column":57}},"loc":{"start":{"line":39,"column":72},"end":{"line":160,"column":1}}},"1":{"name":"(anonymous_11)","decl":{"start":{"line":41,"column":37},"end":{"line":41,"column":38}},"loc":{"start":{"line":41,"column":44},"end":{"line":41,"column":63}}},"2":{"name":"(anonymous_12)","decl":{"start":{"line":50,"column":64},"end":{"line":50,"column":65}},"loc":{"start":{"line":50,"column":73},"end":{"line":50,"column":81}}},"3":{"name":"(anonymous_13)","decl":{"start":{"line":66,"column":20},"end":{"line":66,"column":21}},"loc":{"start":{"line":67,"column":12},"end":{"line":68,"column":null}}},"4":{"name":"(anonymous_14)","decl":{"start":{"line":70,"column":23},"end":{"line":70,"column":26}},"loc":{"start":{"line":70,"column":29},"end":{"line":70,"column":53}}},"5":{"name":"(anonymous_15)","decl":{"start":{"line":90,"column":37},"end":{"line":90,"column":38}},"loc":{"start":{"line":91,"column":14},"end":{"line":91,"column":43}}},"6":{"name":"(anonymous_16)","decl":{"start":{"line":108,"column":62},"end":{"line":108,"column":63}},"loc":{"start":{"line":108,"column":71},"end":{"line":108,"column":79}}},"7":{"name":"(anonymous_17)","decl":{"start":{"line":115,"column":37},"end":{"line":115,"column":38}},"loc":{"start":{"line":116,"column":14},"end":{"line":116,"column":null}}},"8":{"name":"(anonymous_18)","decl":{"start":{"line":132,"column":39},"end":{"line":132,"column":40}},"loc":{"start":{"line":133,"column":14},"end":{"line":133,"column":null}}},"9":{"name":"(anonymous_19)","decl":{"start":{"line":142,"column":38},"end":{"line":142,"column":39}},"loc":{"start":{"line":143,"column":14},"end":{"line":143,"column":null}}}},"branchMap":{"0":{"loc":{"start":{"line":49,"column":13},"end":{"line":50,"column":null}},"type":"binary-expr","locations":[{"start":{"line":49,"column":13},"end":{"line":49,"column":32}},{"start":{"line":50,"column":14},"end":{"line":50,"column":125}}]},"1":{"loc":{"start":{"line":52,"column":13},"end":{"line":52,"column":83}},"type":"binary-expr","locations":[{"start":{"line":52,"column":13},"end":{"line":52,"column":35}},{"start":{"line":52,"column":39},"end":{"line":52,"column":83}}]},"2":{"loc":{"start":{"line":53,"column":13},"end":{"line":59,"column":null}},"type":"binary-expr","locations":[{"start":{"line":53,"column":13},"end":{"line":53,"column":34}},{"start":{"line":54,"column":14},"end":{"line":58,"column":null}}]},"3":{"loc":{"start":{"line":72,"column":57},"end":{"line":72,"column":107}},"type":"cond-expr","locations":[{"start":{"line":72,"column":77},"end":{"line":72,"column":89}},{"start":{"line":72,"column":92},"end":{"line":72,"column":107}}]}},"s":{"0":1,"1":1,"2":1,"3":1,"4":1,"5":1,"6":1,"7":1,"8":1,"9":1,"10":7,"11":7,"12":10,"13":7,"14":5,"15":21,"16":2,"17":7,"18":7,"19":7,"20":7,"21":7,"22":1},"f":{"0":7,"1":10,"2":5,"3":21,"4":2,"5":7,"6":7,"7":7,"8":7,"9":7},"b":{"0":[7,5],"1":[7,1],"2":[7,1],"3":[7,14]}}
,"C:\\Users\\HP\\Desktop\\Company\\Mahavir-components\\src\\Pages\\ProductPage\\ProductPageCard.tsx": {"path":"C:\\Users\\HP\\Desktop\\Company\\Mahavir-components\\src\\Pages\\ProductPage\\ProductPageCard.tsx","statementMap":{"0":{"start":{"line":1,"column":0},"end":{"line":1,"column":40}},"1":{"start":{"line":4,"column":0},"end":{"line":4,"column":43}},"2":{"start":{"line":29,"column":52},"end":{"line":91,"column":1}},"3":{"start":{"line":30,"column":23},"end":{"line":30,"column":50}},"4":{"start":{"line":31,"column":44},"end":{"line":31,"column":74}},"5":{"start":{"line":32,"column":36},"end":{"line":33,"column":null}},"6":{"start":{"line":37,"column":28},"end":{"line":41,"column":3}},"7":{"start":{"line":38,"column":4},"end":{"line":38,"column":28}},"8":{"start":{"line":39,"column":4},"end":{"line":39,"column":44}},"9":{"start":{"line":40,"column":4},"end":{"line":40,"column":27}},"10":{"start":{"line":43,"column":2},"end":{"line":90,"column":4}},"11":{"start":{"line":62,"column":12},"end":{"line":62,"column":34}},"12":{"start":{"line":64,"column":104},"end":{"line":64,"column":131}},"13":{"start":{"line":93,"column":0},"end":{"line":93,"column":31}}},"fnMap":{"0":{"name":"(anonymous_0)","decl":{"start":{"line":29,"column":52},"end":{"line":29,"column":53}},"loc":{"start":{"line":29,"column":97},"end":{"line":91,"column":1}}},"1":{"name":"(anonymous_1)","decl":{"start":{"line":37,"column":28},"end":{"line":37,"column":29}},"loc":{"start":{"line":37,"column":46},"end":{"line":41,"column":3}}},"2":{"name":"(anonymous_2)","decl":{"start":{"line":61,"column":43},"end":{"line":61,"column":44}},"loc":{"start":{"line":62,"column":12},"end":{"line":62,"column":34}}},"3":{"name":"(anonymous_3)","decl":{"start":{"line":64,"column":98},"end":{"line":64,"column":101}},"loc":{"start":{"line":64,"column":104},"end":{"line":64,"column":131}}}},"branchMap":{"0":{"loc":{"start":{"line":29,"column":61},"end":{"line":29,"column":75}},"type":"default-arg","locations":[{"start":{"line":29,"column":73},"end":{"line":29,"column":75}}]},"1":{"loc":{"start":{"line":40,"column":4},"end":{"line":40,"column":26}},"type":"cond-expr","locations":[{"start":{"line":40,"column":17},"end":{"line":40,"column":20}},{"start":{"line":40,"column":4},"end":{"line":40,"column":26}}]},"2":{"loc":{"start":{"line":40,"column":4},"end":{"line":40,"column":20}},"type":"binary-expr","locations":[{"start":{"line":40,"column":4},"end":{"line":40,"column":20}},{"start":{"line":40,"column":4},"end":{"line":40,"column":20}}]},"3":{"loc":{"start":{"line":69,"column":17},"end":{"line":81,"column":null}},"type":"binary-expr","locations":[{"start":{"line":69,"column":17},"end":{"line":69,"column":43}},{"start":{"line":70,"column":18},"end":{"line":80,"column":null}}]}},"s":{"0":0,"1":0,"2":0,"3":0,"4":0,"5":0,"6":0,"7":0,"8":0,"9":0,"10":0,"11":0,"12":0,"13":0},"f":{"0":0,"1":0,"2":0,"3":0},"b":{"0":[0],"1":[0,0],"2":[0,0],"3":[0,0]}}
,"C:\\Users\\HP\\Desktop\\Company\\Mahavir-components\\src\\Pages\\ProductPage\\ProductSettings.tsx": {"path":"C:\\Users\\HP\\Desktop\\Company\\Mahavir-components\\src\\Pages\\ProductPage\\ProductSettings.tsx","statementMap":{"0":{"start":{"line":2,"column":0},"end":{"line":2,"column":40}},"1":{"start":{"line":4,"column":34},"end":{"line":113,"column":1}},"2":{"start":{"line":6,"column":4},"end":{"line":112,"column":6}},"3":{"start":{"line":115,"column":0},"end":{"line":115,"column":31}}},"fnMap":{"0":{"name":"(anonymous_0)","decl":{"start":{"line":4,"column":34},"end":{"line":4,"column":37}},"loc":{"start":{"line":4,"column":39},"end":{"line":113,"column":1}}}},"branchMap":{},"s":{"0":0,"1":0,"2":0,"3":0},"f":{"0":0},"b":{}}
,"C:\\Users\\HP\\Desktop\\Company\\Mahavir-components\\src\\Pages\\ProductPage\\Product_Details.tsx": {"path":"C:\\Users\\HP\\Desktop\\Company\\Mahavir-components\\src\\Pages\\ProductPage\\Product_Details.tsx","statementMap":{"0":{"start":{"line":1,"column":0},"end":{"line":1,"column":40}},"1":{"start":{"line":2,"column":0},"end":{"line":2,"column":51}},"2":{"start":{"line":3,"column":0},"end":{"line":3,"column":57}},"3":{"start":{"line":4,"column":0},"end":{"line":4,"column":57}},"4":{"start":{"line":5,"column":0},"end":{"line":5,"column":49}},"5":{"start":{"line":6,"column":0},"end":{"line":6,"column":44}},"6":{"start":{"line":7,"column":0},"end":{"line":7,"column":54}},"7":{"start":{"line":8,"column":0},"end":{"line":8,"column":48}},"8":{"start":{"line":9,"column":0},"end":{"line":9,"column":36}},"9":{"start":{"line":10,"column":0},"end":{"line":10,"column":30}},"10":{"start":{"line":13,"column":0},"end":{"line":13,"column":68}},"11":{"start":{"line":14,"column":0},"end":{"line":14,"column":44}},"12":{"start":{"line":15,"column":0},"end":{"line":15,"column":48}},"13":{"start":{"line":16,"column":0},"end":{"line":16,"column":48}},"14":{"start":{"line":17,"column":0},"end":{"line":17,"column":51}},"15":{"start":{"line":18,"column":0},"end":{"line":18,"column":50}},"16":{"start":{"line":20,"column":34},"end":{"line":214,"column":1}},"17":{"start":{"line":23,"column":17},"end":{"line":23,"column":28}},"18":{"start":{"line":26,"column":18},"end":{"line":26,"column":92}},"19":{"start":{"line":26,"column":42},"end":{"line":26,"column":64}},"20":{"start":{"line":30,"column":2},"end":{"line":30,"column":82}},"21":{"start":{"line":30,"column":16},"end":{"line":30,"column":82}},"22":{"start":{"line":34,"column":23},"end":{"line":38,"column":4}},"23":{"start":{"line":40,"column":44},"end":{"line":40,"column":63}},"24":{"start":{"line":42,"column":28},"end":{"line":46,"column":3}},"25":{"start":{"line":43,"column":20},"end":{"line":43,"column":38}},"26":{"start":{"line":44,"column":4},"end":{"line":44,"column":39}},"27":{"start":{"line":45,"column":4},"end":{"line":45,"column":30}},"28":{"start":{"line":48,"column":2},"end":{"line":213,"column":4}},"29":{"start":{"line":91,"column":16},"end":{"line":91,"column":29}},"30":{"start":{"line":112,"column":45},"end":{"line":126,"column":12}},"31":{"start":{"line":123,"column":38},"end":{"line":123,"column":63}},"32":{"start":{"line":166,"column":14},"end":{"line":166,"column":27}},"33":{"start":{"line":216,"column":0},"end":{"line":216,"column":31}}},"fnMap":{"0":{"name":"(anonymous_1)","decl":{"start":{"line":20,"column":34},"end":{"line":20,"column":37}},"loc":{"start":{"line":20,"column":39},"end":{"line":214,"column":1}}},"1":{"name":"(anonymous_2)","decl":{"start":{"line":26,"column":32},"end":{"line":26,"column":33}},"loc":{"start":{"line":26,"column":42},"end":{"line":26,"column":64}}},"2":{"name":"(anonymous_3)","decl":{"start":{"line":42,"column":28},"end":{"line":42,"column":29}},"loc":{"start":{"line":42,"column":73},"end":{"line":46,"column":3}}},"3":{"name":"(anonymous_4)","decl":{"start":{"line":90,"column":20},"end":{"line":90,"column":21}},"loc":{"start":{"line":91,"column":16},"end":{"line":91,"column":29}}},"4":{"name":"(anonymous_5)","decl":{"start":{"line":112,"column":28},"end":{"line":112,"column":29}},"loc":{"start":{"line":112,"column":44},"end":{"line":126,"column":12}}},"5":{"name":"(anonymous_6)","decl":{"start":{"line":123,"column":31},"end":{"line":123,"column":32}},"loc":{"start":{"line":123,"column":38},"end":{"line":123,"column":63}}},"6":{"name":"(anonymous_7)","decl":{"start":{"line":165,"column":18},"end":{"line":165,"column":19}},"loc":{"start":{"line":166,"column":14},"end":{"line":166,"column":27}}}},"branchMap":{"0":{"loc":{"start":{"line":30,"column":2},"end":{"line":30,"column":82}},"type":"if","locations":[{"start":{"line":30,"column":2},"end":{"line":30,"column":82}}]},"1":{"loc":{"start":{"line":113,"column":38},"end":{"line":113,"column":59}},"type":"cond-expr","locations":[{"start":{"line":113,"column":48},"end":{"line":113,"column":54}},{"start":{"line":113,"column":57},"end":{"line":113,"column":59}}]},"2":{"loc":{"start":{"line":117,"column":19},"end":{"line":117,"column":70}},"type":"cond-expr","locations":[{"start":{"line":117,"column":58},"end":{"line":117,"column":62}},{"start":{"line":117,"column":62},"end":{"line":117,"column":70}}]},"3":{"loc":{"start":{"line":117,"column":19},"end":{"line":117,"column":62}},"type":"binary-expr","locations":[{"start":{"line":117,"column":19},"end":{"line":117,"column":62}},{"start":{"line":117,"column":58},"end":{"line":117,"column":62}}]},"4":{"loc":{"start":{"line":117,"column":19},"end":{"line":117,"column":58}},"type":"cond-expr","locations":[{"start":{"line":117,"column":52},"end":{"line":117,"column":54}},{"start":{"line":117,"column":52},"end":{"line":117,"column":58}}]},"5":{"loc":{"start":{"line":117,"column":19},"end":{"line":117,"column":54}},"type":"binary-expr","locations":[{"start":{"line":117,"column":19},"end":{"line":117,"column":54}},{"start":{"line":117,"column":52},"end":{"line":117,"column":54}}]},"6":{"loc":{"start":{"line":117,"column":19},"end":{"line":117,"column":52}},"type":"cond-expr","locations":[{"start":{"line":117,"column":30},"end":{"line":117,"column":33}},{"start":{"line":117,"column":30},"end":{"line":117,"column":52}}]},"7":{"loc":{"start":{"line":117,"column":19},"end":{"line":117,"column":33}},"type":"binary-expr","locations":[{"start":{"line":117,"column":19},"end":{"line":117,"column":33}},{"start":{"line":117,"column":30},"end":{"line":117,"column":33}}]},"8":{"loc":{"start":{"line":121,"column":24},"end":{"line":121,"column":41}},"type":"cond-expr","locations":[{"start":{"line":121,"column":35},"end":{"line":121,"column":39}},{"start":{"line":121,"column":39},"end":{"line":121,"column":41}}]},"9":{"loc":{"start":{"line":121,"column":24},"end":{"line":121,"column":39}},"type":"binary-expr","locations":[{"start":{"line":121,"column":24},"end":{"line":121,"column":39}},{"start":{"line":121,"column":35},"end":{"line":121,"column":39}}]}},"s":{"0":0,"1":0,"2":0,"3":0,"4":0,"5":0,"6":0,"7":0,"8":0,"9":0,"10":0,"11":0,"12":0,"13":0,"14":0,"15":0,"16":0,"17":0,"18":0,"19":0,"20":0,"21":0,"22":0,"23":0,"24":0,"25":0,"26":0,"27":0,"28":0,"29":0,"30":0,"31":0,"32":0,"33":0},"f":{"0":0,"1":0,"2":0,"3":0,"4":0,"5":0,"6":0},"b":{"0":[0],"1":[0,0],"2":[0,0],"3":[0,0],"4":[0,0],"5":[0,0],"6":[0,0],"7":[0,0],"8":[0,0],"9":[0,0]}}
,"C:\\Users\\HP\\Desktop\\Company\\Mahavir-components\\src\\Pages\\ProductPage\\QuickCheckout.tsx": {"path":"C:\\Users\\HP\\Desktop\\Company\\Mahavir-components\\src\\Pages\\ProductPage\\QuickCheckout.tsx","statementMap":{"0":{"start":{"line":1,"column":0},"end":{"line":1,"column":59}},"1":{"start":{"line":2,"column":0},"end":{"line":2,"column":44}},"2":{"start":{"line":3,"column":0},"end":{"line":3,"column":53}},"3":{"start":{"line":4,"column":0},"end":{"line":4,"column":49}},"4":{"start":{"line":5,"column":0},"end":{"line":5,"column":40}},"5":{"start":{"line":9,"column":32},"end":{"line":172,"column":1}},"6":{"start":{"line":11,"column":32},"end":{"line":11,"column":47}},"7":{"start":{"line":12,"column":38},"end":{"line":12,"column":76}},"8":{"start":{"line":13,"column":23},"end":{"line":13,"column":51}},"9":{"start":{"line":14,"column":38},"end":{"line":14,"column":53}},"10":{"start":{"line":16,"column":23},"end":{"line":16,"column":69}},"11":{"start":{"line":16,"column":47},"end":{"line":16,"column":68}},"12":{"start":{"line":18,"column":4},"end":{"line":25,"column":28}},"13":{"start":{"line":19,"column":8},"end":{"line":24,"column":9}},"14":{"start":{"line":20,"column":23},"end":{"line":20,"column":41}},"15":{"start":{"line":21,"column":12},"end":{"line":23,"column":15}},"16":{"start":{"line":22,"column":16},"end":{"line":22,"column":70}},"17":{"start":{"line":27,"column":4},"end":{"line":171,"column":6}},"18":{"start":{"line":52,"column":32},"end":{"line":52,"column":68}},"19":{"start":{"line":52,"column":83},"end":{"line":52,"column":104}},"20":{"start":{"line":70,"column":44},"end":{"line":71,"column":null}},"21":{"start":{"line":174,"column":0},"end":{"line":174,"column":29}}},"fnMap":{"0":{"name":"(anonymous_0)","decl":{"start":{"line":9,"column":32},"end":{"line":9,"column":35}},"loc":{"start":{"line":9,"column":37},"end":{"line":172,"column":1}}},"1":{"name":"(anonymous_1)","decl":{"start":{"line":16,"column":37},"end":{"line":16,"column":38}},"loc":{"start":{"line":16,"column":47},"end":{"line":16,"column":68}}},"2":{"name":"(anonymous_2)","decl":{"start":{"line":18,"column":14},"end":{"line":18,"column":17}},"loc":{"start":{"line":18,"column":19},"end":{"line":25,"column":5}}},"3":{"name":"(anonymous_3)","decl":{"start":{"line":21,"column":34},"end":{"line":21,"column":37}},"loc":{"start":{"line":21,"column":39},"end":{"line":23,"column":13}}},"4":{"name":"(anonymous_4)","decl":{"start":{"line":51,"column":42},"end":{"line":51,"column":43}},"loc":{"start":{"line":52,"column":32},"end":{"line":52,"column":68}}},"5":{"name":"(anonymous_5)","decl":{"start":{"line":52,"column":77},"end":{"line":52,"column":80}},"loc":{"start":{"line":52,"column":83},"end":{"line":52,"column":104}}},"6":{"name":"(anonymous_6)","decl":{"start":{"line":69,"column":73},"end":{"line":69,"column":74}},"loc":{"start":{"line":70,"column":44},"end":{"line":71,"column":null}}}},"branchMap":{"0":{"loc":{"start":{"line":12,"column":55},"end":{"line":12,"column":75}},"type":"binary-expr","locations":[{"start":{"line":12,"column":55},"end":{"line":12,"column":70}},{"start":{"line":12,"column":74},"end":{"line":12,"column":75}}]},"1":{"loc":{"start":{"line":12,"column":55},"end":{"line":12,"column":70}},"type":"cond-expr","locations":[{"start":{"line":12,"column":66},"end":{"line":12,"column":68}},{"start":{"line":12,"column":66},"end":{"line":12,"column":70}}]},"2":{"loc":{"start":{"line":12,"column":55},"end":{"line":12,"column":68}},"type":"binary-expr","locations":[{"start":{"line":12,"column":55},"end":{"line":12,"column":68}},{"start":{"line":12,"column":66},"end":{"line":12,"column":68}}]},"3":{"loc":{"start":{"line":19,"column":8},"end":{"line":24,"column":9}},"type":"if","locations":[{"start":{"line":19,"column":8},"end":{"line":24,"column":9}}]},"4":{"loc":{"start":{"line":22,"column":29},"end":{"line":22,"column":68}},"type":"cond-expr","locations":[{"start":{"line":22,"column":38},"end":{"line":22,"column":60}},{"start":{"line":22,"column":63},"end":{"line":22,"column":68}}]},"5":{"loc":{"start":{"line":36,"column":24},"end":{"line":36,"column":92}},"type":"cond-expr","locations":[{"start":{"line":36,"column":33},"end":{"line":36,"column":57}},{"start":{"line":36,"column":60},"end":{"line":36,"column":92}}]},"6":{"loc":{"start":{"line":53,"column":179},"end":{"line":55,"column":null}},"type":"cond-expr","locations":[{"start":{"line":54,"column":42},"end":{"line":54,"column":78}},{"start":{"line":55,"column":42},"end":{"line":55,"column":null}}]},"7":{"loc":{"start":{"line":66,"column":29},"end":{"line":114,"column":null}},"type":"binary-expr","locations":[{"start":{"line":66,"column":29},"end":{"line":66,"column":60}},{"start":{"line":67,"column":32},"end":{"line":113,"column":null}}]},"8":{"loc":{"start":{"line":66,"column":29},"end":{"line":66,"column":60}},"type":"cond-expr","locations":[{"start":{"line":66,"column":53},"end":{"line":66,"column":55}},{"start":{"line":66,"column":53},"end":{"line":66,"column":60}}]},"9":{"loc":{"start":{"line":66,"column":29},"end":{"line":66,"column":55}},"type":"binary-expr","locations":[{"start":{"line":66,"column":29},"end":{"line":66,"column":55}},{"start":{"line":66,"column":53},"end":{"line":66,"column":55}}]},"10":{"loc":{"start":{"line":66,"column":29},"end":{"line":66,"column":53}},"type":"cond-expr","locations":[{"start":{"line":66,"column":48},"end":{"line":66,"column":51}},{"start":{"line":66,"column":48},"end":{"line":66,"column":53}}]},"11":{"loc":{"start":{"line":66,"column":29},"end":{"line":66,"column":51}},"type":"binary-expr","locations":[{"start":{"line":66,"column":29},"end":{"line":66,"column":51}},{"start":{"line":66,"column":48},"end":{"line":66,"column":51}}]},"12":{"loc":{"start":{"line":66,"column":29},"end":{"line":66,"column":48}},"type":"cond-expr","locations":[{"start":{"line":66,"column":39},"end":{"line":66,"column":41}},{"start":{"line":66,"column":29},"end":{"line":66,"column":48}}]},"13":{"loc":{"start":{"line":66,"column":29},"end":{"line":66,"column":41}},"type":"binary-expr","locations":[{"start":{"line":66,"column":29},"end":{"line":66,"column":41}},{"start":{"line":66,"column":29},"end":{"line":66,"column":41}}]},"14":{"loc":{"start":{"line":78,"column":41},"end":{"line":81,"column":null}},"type":"binary-expr","locations":[{"start":{"line":78,"column":41},"end":{"line":78,"column":73}},{"start":{"line":79,"column":44},"end":{"line":80,"column":null}}]},"15":{"loc":{"start":{"line":85,"column":37},"end":{"line":112,"column":null}},"type":"binary-expr","locations":[{"start":{"line":85,"column":38},"end":{"line":85,"column":54}},{"start":{"line":85,"column":58},"end":{"line":85,"column":74}},{"start":{"line":85,"column":78},"end":{"line":85,"column":96}},{"start":{"line":86,"column":40},"end":{"line":111,"column":null}}]},"16":{"loc":{"start":{"line":96,"column":49},"end":{"line":99,"column":null}},"type":"binary-expr","locations":[{"start":{"line":96,"column":49},"end":{"line":96,"column":65}},{"start":{"line":97,"column":52},"end":{"line":98,"column":null}}]},"17":{"loc":{"start":{"line":101,"column":49},"end":{"line":104,"column":null}},"type":"binary-expr","locations":[{"start":{"line":101,"column":49},"end":{"line":101,"column":65}},{"start":{"line":102,"column":52},"end":{"line":103,"column":null}}]},"18":{"loc":{"start":{"line":106,"column":49},"end":{"line":109,"column":null}},"type":"binary-expr","locations":[{"start":{"line":106,"column":49},"end":{"line":106,"column":67}},{"start":{"line":107,"column":52},"end":{"line":108,"column":null}}]},"19":{"loc":{"start":{"line":118,"column":29},"end":{"line":123,"column":null}},"type":"binary-expr","locations":[{"start":{"line":118,"column":29},"end":{"line":118,"column":45}},{"start":{"line":119,"column":32},"end":{"line":122,"column":null}}]},"20":{"loc":{"start":{"line":118,"column":29},"end":{"line":118,"column":45}},"type":"cond-expr","locations":[{"start":{"line":118,"column":39},"end":{"line":118,"column":41}},{"start":{"line":118,"column":29},"end":{"line":118,"column":45}}]},"21":{"loc":{"start":{"line":118,"column":29},"end":{"line":118,"column":41}},"type":"binary-expr","locations":[{"start":{"line":118,"column":29},"end":{"line":118,"column":41}},{"start":{"line":118,"column":29},"end":{"line":118,"column":41}}]},"22":{"loc":{"start":{"line":131,"column":13},"end":{"line":165,"column":null}},"type":"binary-expr","locations":[{"start":{"line":131,"column":13},"end":{"line":131,"column":19}},{"start":{"line":132,"column":16},"end":{"line":163,"column":null}}]}},"s":{"0":0,"1":0,"2":0,"3":0,"4":0,"5":0,"6":0,"7":0,"8":0,"9":0,"10":0,"11":0,"12":0,"13":0,"14":0,"15":0,"16":0,"17":0,"18":0,"19":0,"20":0,"21":0},"f":{"0":0,"1":0,"2":0,"3":0,"4":0,"5":0,"6":0},"b":{"0":[0,0],"1":[0,0],"2":[0,0],"3":[0],"4":[0,0],"5":[0,0],"6":[0,0],"7":[0,0],"8":[0,0],"9":[0,0],"10":[0,0],"11":[0,0],"12":[0,0],"13":[0,0],"14":[0,0],"15":[0,0,0,0],"16":[0,0],"17":[0,0],"18":[0,0],"19":[0,0],"20":[0,0],"21":[0,0],"22":[0,0]}}
,"C:\\Users\\HP\\Desktop\\Company\\Mahavir-components\\src\\Pages\\ProductPage\\Related_Products.tsx": {"path":"C:\\Users\\HP\\Desktop\\Company\\Mahavir-components\\src\\Pages\\ProductPage\\Related_Products.tsx","statementMap":{"0":{"start":{"line":2,"column":0},"end":{"line":2,"column":66}},"1":{"start":{"line":3,"column":0},"end":{"line":3,"column":48}},"2":{"start":{"line":20,"column":35},"end":{"line":29,"column":1}},"3":{"start":{"line":22,"column":4},"end":{"line":28,"column":null}},"4":{"start":{"line":25,"column":16},"end":{"line":25,"column":70}},"5":{"start":{"line":31,"column":0},"end":{"line":31,"column":null}}},"fnMap":{"0":{"name":"(anonymous_1)","decl":{"start":{"line":20,"column":35},"end":{"line":20,"column":38}},"loc":{"start":{"line":20,"column":40},"end":{"line":29,"column":1}}},"1":{"name":"(anonymous_2)","decl":{"start":{"line":24,"column":33},"end":{"line":24,"column":34}},"loc":{"start":{"line":25,"column":16},"end":{"line":25,"column":70}}}},"branchMap":{"0":{"loc":{"start":{"line":25,"column":50},"end":{"line":25,"column":66}},"type":"binary-expr","locations":[{"start":{"line":25,"column":50},"end":{"line":25,"column":57}},{"start":{"line":25,"column":61},"end":{"line":25,"column":66}}]}},"s":{"0":0,"1":0,"2":0,"3":0,"4":0,"5":0},"f":{"0":0,"1":0},"b":{"0":[0,0]}}
,"C:\\Users\\HP\\Desktop\\Company\\Mahavir-components\\src\\Pages\\ProductPage\\Review.tsx": {"path":"C:\\Users\\HP\\Desktop\\Company\\Mahavir-components\\src\\Pages\\ProductPage\\Review.tsx","statementMap":{"0":{"start":{"line":2,"column":0},"end":{"line":2,"column":51}},"1":{"start":{"line":3,"column":0},"end":{"line":3,"column":56}},"2":{"start":{"line":4,"column":0},"end":{"line":4,"column":20}},"3":{"start":{"line":5,"column":0},"end":{"line":5,"column":31}},"4":{"start":{"line":6,"column":0},"end":{"line":6,"column":31}},"5":{"start":{"line":9,"column":16},"end":{"line":52,"column":2}},"6":{"start":{"line":54,"column":25},"end":{"line":89,"column":1}},"7":{"start":{"line":55,"column":2},"end":{"line":88,"column":4}},"8":{"start":{"line":75,"column":12},"end":{"line":75,"column":null}},"9":{"start":{"line":91,"column":0},"end":{"line":91,"column":22}}},"fnMap":{"0":{"name":"(anonymous_0)","decl":{"start":{"line":54,"column":25},"end":{"line":54,"column":28}},"loc":{"start":{"line":54,"column":30},"end":{"line":89,"column":1}}},"1":{"name":"(anonymous_1)","decl":{"start":{"line":74,"column":23},"end":{"line":74,"column":24}},"loc":{"start":{"line":75,"column":12},"end":{"line":75,"column":null}}}},"branchMap":{},"s":{"0":0,"1":0,"2":0,"3":0,"4":0,"5":0,"6":0,"7":0,"8":0,"9":0},"f":{"0":0,"1":0},"b":{}}
,"C:\\Users\\HP\\Desktop\\Company\\Mahavir-components\\src\\Pages\\ProductPage\\Rotate360Viewer.tsx": {"path":"C:\\Users\\HP\\Desktop\\Company\\Mahavir-components\\src\\Pages\\ProductPage\\Rotate360Viewer.tsx","statementMap":{"0":{"start":{"line":2,"column":0},"end":{"line":2,"column":48}},"1":{"start":{"line":10,"column":56},"end":{"line":61,"column":1}},"2":{"start":{"line":11,"column":23},"end":{"line":11,"column":51}},"3":{"start":{"line":12,"column":28},"end":{"line":12,"column":39}},"4":{"start":{"line":14,"column":26},"end":{"line":24,"column":3}},"5":{"start":{"line":15,"column":22},"end":{"line":15,"column":42}},"6":{"start":{"line":16,"column":4},"end":{"line":16,"column":50}},"7":{"start":{"line":16,"column":43},"end":{"line":16,"column":50}},"8":{"start":{"line":18,"column":17},"end":{"line":18,"column":50}},"9":{"start":{"line":19,"column":19},"end":{"line":19,"column":40}},"10":{"start":{"line":20,"column":23},"end":{"line":20,"column":42}},"11":{"start":{"line":21,"column":21},"end":{"line":21,"column":59}},"12":{"start":{"line":23,"column":4},"end":{"line":23,"column":23}},"13":{"start":{"line":26,"column":2},"end":{"line":60,"column":4}},"14":{"start":{"line":63,"column":0},"end":{"line":63,"column":31}}},"fnMap":{"0":{"name":"(anonymous_0)","decl":{"start":{"line":10,"column":56},"end":{"line":10,"column":57}},"loc":{"start":{"line":10,"column":105},"end":{"line":61,"column":1}}},"1":{"name":"(anonymous_1)","decl":{"start":{"line":14,"column":26},"end":{"line":14,"column":27}},"loc":{"start":{"line":14,"column":66},"end":{"line":24,"column":3}}}},"branchMap":{"0":{"loc":{"start":{"line":10,"column":67},"end":{"line":10,"column":81}},"type":"default-arg","locations":[{"start":{"line":10,"column":79},"end":{"line":10,"column":81}}]},"1":{"loc":{"start":{"line":10,"column":83},"end":{"line":10,"column":99}},"type":"default-arg","locations":[{"start":{"line":10,"column":92},"end":{"line":10,"column":99}}]},"2":{"loc":{"start":{"line":16,"column":4},"end":{"line":16,"column":50}},"type":"if","locations":[{"start":{"line":16,"column":4},"end":{"line":16,"column":50}}]},"3":{"loc":{"start":{"line":16,"column":8},"end":{"line":16,"column":41}},"type":"binary-expr","locations":[{"start":{"line":16,"column":8},"end":{"line":16,"column":18}},{"start":{"line":16,"column":22},"end":{"line":16,"column":41}}]}},"s":{"0":0,"1":0,"2":0,"3":0,"4":0,"5":0,"6":0,"7":0,"8":0,"9":0,"10":0,"11":0,"12":0,"13":0,"14":0},"f":{"0":0,"1":0},"b":{"0":[0],"1":[0],"2":[0],"3":[0,0]}}
,"C:\\Users\\HP\\Desktop\\Company\\Mahavir-components\\src\\Pages\\ProductPage\\ZoomImageEffect.tsx": {"path":"C:\\Users\\HP\\Desktop\\Company\\Mahavir-components\\src\\Pages\\ProductPage\\ZoomImageEffect.tsx","statementMap":{"0":{"start":{"line":1,"column":0},"end":{"line":1,"column":48}},"1":{"start":{"line":12,"column":50},"end":{"line":64,"column":1}},"2":{"start":{"line":18,"column":23},"end":{"line":18,"column":51}},"3":{"start":{"line":19,"column":36},"end":{"line":19,"column":51}},"4":{"start":{"line":21,"column":26},"end":{"line":29,"column":3}},"5":{"start":{"line":22,"column":41},"end":{"line":22,"column":80}},"6":{"start":{"line":23,"column":14},"end":{"line":23,"column":48}},"7":{"start":{"line":24,"column":14},"end":{"line":24,"column":48}},"8":{"start":{"line":25,"column":18},"end":{"line":25,"column":74}},"9":{"start":{"line":26,"column":4},"end":{"line":28,"column":5}},"10":{"start":{"line":27,"column":6},"end":{"line":27,"column":50}},"11":{"start":{"line":31,"column":27},"end":{"line":33,"column":3}},"12":{"start":{"line":32,"column":4},"end":{"line":32,"column":23}},"13":{"start":{"line":35,"column":27},"end":{"line":41,"column":3}},"14":{"start":{"line":36,"column":18},"end":{"line":36,"column":60}},"15":{"start":{"line":37,"column":4},"end":{"line":39,"column":5}},"16":{"start":{"line":38,"column":6},"end":{"line":38,"column":52}},"17":{"start":{"line":40,"column":4},"end":{"line":40,"column":24}},"18":{"start":{"line":43,"column":2},"end":{"line":63,"column":4}},"19":{"start":{"line":66,"column":0},"end":{"line":66,"column":31}}},"fnMap":{"0":{"name":"(anonymous_0)","decl":{"start":{"line":12,"column":50},"end":{"line":12,"column":51}},"loc":{"start":{"line":17,"column":5},"end":{"line":64,"column":1}}},"1":{"name":"(anonymous_1)","decl":{"start":{"line":21,"column":26},"end":{"line":21,"column":27}},"loc":{"start":{"line":21,"column":66},"end":{"line":29,"column":3}}},"2":{"name":"(anonymous_2)","decl":{"start":{"line":31,"column":27},"end":{"line":31,"column":30}},"loc":{"start":{"line":31,"column":32},"end":{"line":33,"column":3}}},"3":{"name":"(anonymous_3)","decl":{"start":{"line":35,"column":27},"end":{"line":35,"column":30}},"loc":{"start":{"line":35,"column":32},"end":{"line":41,"column":3}}}},"branchMap":{"0":{"loc":{"start":{"line":14,"column":2},"end":{"line":14,"column":10}},"type":"default-arg","locations":[{"start":{"line":14,"column":8},"end":{"line":14,"column":10}}]},"1":{"loc":{"start":{"line":15,"column":2},"end":{"line":15,"column":16}},"type":"default-arg","locations":[{"start":{"line":15,"column":14},"end":{"line":15,"column":16}}]},"2":{"loc":{"start":{"line":16,"column":2},"end":{"line":16,"column":11}},"type":"default-arg","locations":[{"start":{"line":16,"column":10},"end":{"line":16,"column":11}}]},"3":{"loc":{"start":{"line":26,"column":4},"end":{"line":28,"column":5}},"type":"if","locations":[{"start":{"line":26,"column":4},"end":{"line":28,"column":5}}]},"4":{"loc":{"start":{"line":36,"column":18},"end":{"line":36,"column":60}},"type":"cond-expr","locations":[{"start":{"line":36,"column":38},"end":{"line":36,"column":40}},{"start":{"line":36,"column":38},"end":{"line":36,"column":60}}]},"5":{"loc":{"start":{"line":36,"column":18},"end":{"line":36,"column":40}},"type":"binary-expr","locations":[{"start":{"line":36,"column":18},"end":{"line":36,"column":40}},{"start":{"line":36,"column":38},"end":{"line":36,"column":40}}]},"6":{"loc":{"start":{"line":37,"column":4},"end":{"line":39,"column":5}},"type":"if","locations":[{"start":{"line":37,"column":4},"end":{"line":39,"column":5}}]},"7":{"loc":{"start":{"line":58,"column":30},"end":{"line":58,"column":72}},"type":"cond-expr","locations":[{"start":{"line":58,"column":42},"end":{"line":58,"column":59}},{"start":{"line":58,"column":62},"end":{"line":58,"column":72}}]}},"s":{"0":0,"1":0,"2":0,"3":0,"4":0,"5":0,"6":0,"7":0,"8":0,"9":0,"10":0,"11":0,"12":0,"13":0,"14":0,"15":0,"16":0,"17":0,"18":0,"19":0},"f":{"0":0,"1":0,"2":0,"3":0},"b":{"0":[0],"1":[0],"2":[0],"3":[0],"4":[0,0],"5":[0,0],"6":[0],"7":[0,0]}}
,"C:\\Users\\HP\\Desktop\\Company\\Mahavir-components\\src\\types\\style.d.ts": {"path":"C:\\Users\\HP\\Desktop\\Company\\Mahavir-components\\src\\types\\style.d.ts","statementMap":{},"fnMap":{},"branchMap":{},"s":{},"f":{},"b":{}}
}
