{"C:\\Users\\HP\\Desktop\\Company\\Mahavir-components\\src\\App.tsx": {"path":"C:\\Users\\HP\\Desktop\\Company\\Mahavir-components\\src\\App.tsx","statementMap":{"0":{"start":{"line":1,"column":0},"end":{"line":1,"column":56}},"1":{"start":{"line":2,"column":0},"end":{"line":2,"column":87}},"2":{"start":{"line":3,"column":0},"end":{"line":3,"column":54}},"3":{"start":{"line":5,"column":0},"end":{"line":5,"column":47}},"4":{"start":{"line":6,"column":0},"end":{"line":6,"column":19}},"5":{"start":{"line":7,"column":0},"end":{"line":7,"column":41}},"6":{"start":{"line":8,"column":0},"end":{"line":8,"column":51}},"7":{"start":{"line":9,"column":0},"end":{"line":9,"column":65}},"8":{"start":{"line":10,"column":0},"end":{"line":10,"column":43}},"9":{"start":{"line":11,"column":0},"end":{"line":11,"column":43}},"10":{"start":{"line":12,"column":0},"end":{"line":12,"column":47}},"11":{"start":{"line":14,"column":24},"end":{"line":14,"column":81}},"12":{"start":{"line":14,"column":34},"end":{"line":14,"column":80}},"13":{"start":{"line":15,"column":17},"end":{"line":15,"column":60}},"14":{"start":{"line":15,"column":27},"end":{"line":15,"column":59}},"15":{"start":{"line":16,"column":13},"end":{"line":16,"column":47}},"16":{"start":{"line":16,"column":23},"end":{"line":16,"column":46}},"17":{"start":{"line":18,"column":20},"end":{"line":37,"column":1}},"18":{"start":{"line":27,"column":2},"end":{"line":36,"column":3}},"19":{"start":{"line":29,"column":6},"end":{"line":29,"column":25}},"20":{"start":{"line":31,"column":6},"end":{"line":31,"column":85}},"21":{"start":{"line":33,"column":6},"end":{"line":33,"column":27}},"22":{"start":{"line":35,"column":6},"end":{"line":35,"column":18}},"23":{"start":{"line":39,"column":22},"end":{"line":109,"column":1}},"24":{"start":{"line":40,"column":38},"end":{"line":40,"column":57}},"25":{"start":{"line":41,"column":36},"end":{"line":41,"column":60}},"26":{"start":{"line":42,"column":44},"end":{"line":42,"column":64}},"27":{"start":{"line":44,"column":26},"end":{"line":60,"column":3}},"28":{"start":{"line":45,"column":4},"end":{"line":59,"column":5}},"29":{"start":{"line":46,"column":6},"end":{"line":46,"column":23}},"30":{"start":{"line":47,"column":11},"end":{"line":59,"column":5}},"31":{"start":{"line":48,"column":6},"end":{"line":52,"column":7}},"32":{"start":{"line":49,"column":8},"end":{"line":49,"column":27}},"33":{"start":{"line":51,"column":8},"end":{"line":51,"column":null}},"34":{"start":{"line":53,"column":11},"end":{"line":59,"column":5}},"35":{"start":{"line":54,"column":6},"end":{"line":58,"column":7}},"36":{"start":{"line":55,"column":8},"end":{"line":55,"column":25}},"37":{"start":{"line":57,"column":7},"end":{"line":57,"column":66}},"38":{"start":{"line":62,"column":28},"end":{"line":66,"column":3}},"39":{"start":{"line":63,"column":4},"end":{"line":63,"column":28}},"40":{"start":{"line":64,"column":4},"end":{"line":64,"column":24}},"41":{"start":{"line":65,"column":4},"end":{"line":65,"column":21}},"42":{"start":{"line":68,"column":2},"end":{"line":108,"column":4}},"43":{"start":{"line":102,"column":27},"end":{"line":102,"column":46}},"44":{"start":{"line":111,"column":0},"end":{"line":111,"column":19}}},"fnMap":{"0":{"name":"(anonymous_10)","decl":{"start":{"line":14,"column":29},"end":{"line":14,"column":32}},"loc":{"start":{"line":14,"column":34},"end":{"line":14,"column":80}}},"1":{"name":"(anonymous_11)","decl":{"start":{"line":14,"column":34},"end":{"line":14,"column":42}},"loc":{"start":{"line":14,"column":34},"end":{"line":14,"column":80}}},"2":{"name":"(anonymous_12)","decl":{"start":{"line":15,"column":22},"end":{"line":15,"column":25}},"loc":{"start":{"line":15,"column":27},"end":{"line":15,"column":59}}},"3":{"name":"(anonymous_13)","decl":{"start":{"line":15,"column":27},"end":{"line":15,"column":35}},"loc":{"start":{"line":15,"column":27},"end":{"line":15,"column":59}}},"4":{"name":"(anonymous_14)","decl":{"start":{"line":16,"column":18},"end":{"line":16,"column":21}},"loc":{"start":{"line":16,"column":23},"end":{"line":16,"column":46}}},"5":{"name":"(anonymous_15)","decl":{"start":{"line":16,"column":23},"end":{"line":16,"column":31}},"loc":{"start":{"line":16,"column":23},"end":{"line":16,"column":46}}},"6":{"name":"(anonymous_16)","decl":{"start":{"line":18,"column":20},"end":{"line":18,"column":21}},"loc":{"start":{"line":26,"column":5},"end":{"line":37,"column":1}}},"7":{"name":"(anonymous_17)","decl":{"start":{"line":39,"column":22},"end":{"line":39,"column":25}},"loc":{"start":{"line":39,"column":27},"end":{"line":109,"column":1}}},"8":{"name":"(anonymous_18)","decl":{"start":{"line":44,"column":26},"end":{"line":44,"column":27}},"loc":{"start":{"line":44,"column":41},"end":{"line":60,"column":3}}},"9":{"name":"(anonymous_19)","decl":{"start":{"line":62,"column":28},"end":{"line":62,"column":29}},"loc":{"start":{"line":62,"column":46},"end":{"line":66,"column":3}}},"10":{"name":"(anonymous_20)","decl":{"start":{"line":102,"column":21},"end":{"line":102,"column":24}},"loc":{"start":{"line":102,"column":27},"end":{"line":102,"column":46}}}},"branchMap":{"0":{"loc":{"start":{"line":27,"column":2},"end":{"line":36,"column":3}},"type":"switch","locations":[{"start":{"line":28,"column":4},"end":{"line":29,"column":25}},{"start":{"line":30,"column":4},"end":{"line":31,"column":85}},{"start":{"line":32,"column":4},"end":{"line":33,"column":27}},{"start":{"line":34,"column":4},"end":{"line":35,"column":18}}]},"1":{"loc":{"start":{"line":45,"column":4},"end":{"line":59,"column":5}},"type":"if","locations":[{"start":{"line":45,"column":4},"end":{"line":59,"column":5}},{"start":{"line":47,"column":11},"end":{"line":59,"column":5}}]},"2":{"loc":{"start":{"line":47,"column":11},"end":{"line":59,"column":5}},"type":"if","locations":[{"start":{"line":47,"column":11},"end":{"line":59,"column":5}},{"start":{"line":53,"column":11},"end":{"line":59,"column":5}}]},"3":{"loc":{"start":{"line":48,"column":6},"end":{"line":52,"column":7}},"type":"if","locations":[{"start":{"line":48,"column":6},"end":{"line":52,"column":7}},{"start":{"line":50,"column":13},"end":{"line":52,"column":7}}]},"4":{"loc":{"start":{"line":53,"column":11},"end":{"line":59,"column":5}},"type":"if","locations":[{"start":{"line":53,"column":11},"end":{"line":59,"column":5}}]},"5":{"loc":{"start":{"line":54,"column":6},"end":{"line":58,"column":7}},"type":"if","locations":[{"start":{"line":54,"column":6},"end":{"line":58,"column":7}},{"start":{"line":56,"column":13},"end":{"line":58,"column":7}}]},"6":{"loc":{"start":{"line":54,"column":10},"end":{"line":54,"column":43}},"type":"binary-expr","locations":[{"start":{"line":54,"column":10},"end":{"line":54,"column":26}},{"start":{"line":54,"column":30},"end":{"line":54,"column":43}}]},"7":{"loc":{"start":{"line":99,"column":9},"end":{"line":103,"column":null}},"type":"binary-expr","locations":[{"start":{"line":99,"column":9},"end":{"line":99,"column":18}},{"start":{"line":100,"column":10},"end":{"line":102,"column":null}}]}},"s":{"0":1,"1":1,"2":1,"3":1,"4":1,"5":1,"6":1,"7":1,"8":1,"9":1,"10":1,"11":1,"12":0,"13":1,"14":0,"15":1,"16":0,"17":1,"18":14,"19":11,"20":2,"21":1,"22":0,"23":1,"24":14,"25":14,"26":14,"27":14,"28":6,"29":0,"30":6,"31":4,"32":4,"33":0,"34":2,"35":2,"36":1,"37":1,"38":14,"39":2,"40":2,"41":2,"42":14,"43":1,"44":1},"f":{"0":0,"1":0,"2":0,"3":0,"4":0,"5":0,"6":14,"7":14,"8":6,"9":2,"10":1},"b":{"0":[11,2,1,0],"1":[0,6],"2":[4,2],"3":[4,0],"4":[2],"5":[1,1],"6":[2,1],"7":[14,4]}}
,"C:\\Users\\HP\\Desktop\\Company\\Mahavir-components\\src\\main.tsx": {"path":"C:\\Users\\HP\\Desktop\\Company\\Mahavir-components\\src\\main.tsx","statementMap":{"0":{"start":{"line":1,"column":0},"end":{"line":1,"column":35}},"1":{"start":{"line":2,"column":0},"end":{"line":2,"column":46}},"2":{"start":{"line":3,"column":0},"end":{"line":3,"column":21}},"3":{"start":{"line":4,"column":0},"end":{"line":4,"column":24}},"4":{"start":{"line":6,"column":20},"end":{"line":6,"column":51}},"5":{"start":{"line":8,"column":0},"end":{"line":16,"column":1}},"6":{"start":{"line":9,"column":2},"end":{"line":13,"column":4}},"7":{"start":{"line":15,"column":2},"end":{"line":15,"column":43}}},"fnMap":{},"branchMap":{"0":{"loc":{"start":{"line":8,"column":0},"end":{"line":16,"column":1}},"type":"if","locations":[{"start":{"line":8,"column":0},"end":{"line":16,"column":1}},{"start":{"line":14,"column":7},"end":{"line":16,"column":1}}]}},"s":{"0":0,"1":0,"2":0,"3":0,"4":0,"5":0,"6":0,"7":0},"f":{},"b":{"0":[0,0]}}
,"C:\\Users\\HP\\Desktop\\Company\\Mahavir-components\\src\\Components\\Data.tsx": {"path":"C:\\Users\\HP\\Desktop\\Company\\Mahavir-components\\src\\Components\\Data.tsx","statementMap":{"0":{"start":{"line":1,"column":13},"end":{"line":43,"column":null}},"1":{"start":{"line":45,"column":13},"end":{"line":647,"column":null}},"2":{"start":{"line":650,"column":13},"end":{"line":666,"column":null}},"3":{"start":{"line":668,"column":13},"end":{"line":686,"column":null}},"4":{"start":{"line":689,"column":13},"end":{"line":702,"column":null}}},"fnMap":{},"branchMap":{},"s":{"0":2,"1":2,"2":2,"3":2,"4":2},"f":{},"b":{}}
,"C:\\Users\\HP\\Desktop\\Company\\Mahavir-components\\src\\Components\\Loader.tsx": {"path":"C:\\Users\\HP\\Desktop\\Company\\Mahavir-components\\src\\Components\\Loader.tsx","statementMap":{"0":{"start":{"line":4,"column":25},"end":{"line":8,"column":1}},"1":{"start":{"line":5,"column":4},"end":{"line":7,"column":null}},"2":{"start":{"line":11,"column":0},"end":{"line":11,"column":22}}},"fnMap":{"0":{"name":"(anonymous_0)","decl":{"start":{"line":4,"column":25},"end":{"line":4,"column":28}},"loc":{"start":{"line":4,"column":30},"end":{"line":8,"column":1}}}},"branchMap":{},"s":{"0":1,"1":1,"2":1},"f":{"0":1},"b":{}}
,"C:\\Users\\HP\\Desktop\\Company\\Mahavir-components\\src\\Components\\NotFound.tsx": {"path":"C:\\Users\\HP\\Desktop\\Company\\Mahavir-components\\src\\Components\\NotFound.tsx","statementMap":{"0":{"start":{"line":4,"column":26},"end":{"line":8,"column":1}},"1":{"start":{"line":5,"column":4},"end":{"line":7,"column":null}},"2":{"start":{"line":11,"column":0},"end":{"line":11,"column":null}}},"fnMap":{"0":{"name":"(anonymous_0)","decl":{"start":{"line":4,"column":26},"end":{"line":4,"column":29}},"loc":{"start":{"line":4,"column":31},"end":{"line":8,"column":1}}}},"branchMap":{},"s":{"0":1,"1":1,"2":1},"f":{"0":1},"b":{}}
,"C:\\Users\\HP\\Desktop\\Company\\Mahavir-components\\src\\Components\\Product_Card.tsx": {"path":"C:\\Users\\HP\\Desktop\\Company\\Mahavir-components\\src\\Components\\Product_Card.tsx","statementMap":{"0":{"start":{"line":1,"column":0},"end":{"line":1,"column":40}},"1":{"start":{"line":2,"column":0},"end":{"line":2,"column":55}},"2":{"start":{"line":3,"column":0},"end":{"line":3,"column":67}},"3":{"start":{"line":4,"column":0},"end":{"line":4,"column":40}},"4":{"start":{"line":29,"column":49},"end":{"line":136,"column":1}},"5":{"start":{"line":30,"column":23},"end":{"line":30,"column":50}},"6":{"start":{"line":31,"column":44},"end":{"line":31,"column":74}},"7":{"start":{"line":32,"column":36},"end":{"line":33,"column":null}},"8":{"start":{"line":37,"column":28},"end":{"line":41,"column":3}},"9":{"start":{"line":38,"column":4},"end":{"line":38,"column":28}},"10":{"start":{"line":39,"column":4},"end":{"line":39,"column":44}},"11":{"start":{"line":40,"column":4},"end":{"line":40,"column":27}},"12":{"start":{"line":43,"column":2},"end":{"line":135,"column":4}},"13":{"start":{"line":77,"column":12},"end":{"line":77,"column":34}},"14":{"start":{"line":85,"column":32},"end":{"line":85,"column":59}},"15":{"start":{"line":138,"column":0},"end":{"line":138,"column":28}}},"fnMap":{"0":{"name":"(anonymous_0)","decl":{"start":{"line":29,"column":49},"end":{"line":29,"column":50}},"loc":{"start":{"line":29,"column":94},"end":{"line":136,"column":1}}},"1":{"name":"(anonymous_1)","decl":{"start":{"line":37,"column":28},"end":{"line":37,"column":29}},"loc":{"start":{"line":37,"column":46},"end":{"line":41,"column":3}}},"2":{"name":"(anonymous_2)","decl":{"start":{"line":76,"column":43},"end":{"line":76,"column":44}},"loc":{"start":{"line":77,"column":12},"end":{"line":77,"column":34}}},"3":{"name":"(anonymous_3)","decl":{"start":{"line":85,"column":26},"end":{"line":85,"column":29}},"loc":{"start":{"line":85,"column":32},"end":{"line":85,"column":59}}}},"branchMap":{"0":{"loc":{"start":{"line":29,"column":58},"end":{"line":29,"column":72}},"type":"default-arg","locations":[{"start":{"line":29,"column":70},"end":{"line":29,"column":72}}]},"1":{"loc":{"start":{"line":40,"column":4},"end":{"line":40,"column":26}},"type":"cond-expr","locations":[{"start":{"line":40,"column":17},"end":{"line":40,"column":20}},{"start":{"line":40,"column":4},"end":{"line":40,"column":26}}]},"2":{"loc":{"start":{"line":40,"column":4},"end":{"line":40,"column":20}},"type":"binary-expr","locations":[{"start":{"line":40,"column":4},"end":{"line":40,"column":20}},{"start":{"line":40,"column":4},"end":{"line":40,"column":20}}]},"3":{"loc":{"start":{"line":100,"column":17},"end":{"line":112,"column":null}},"type":"binary-expr","locations":[{"start":{"line":100,"column":17},"end":{"line":100,"column":43}},{"start":{"line":101,"column":18},"end":{"line":111,"column":null}}]}},"s":{"0":1,"1":1,"2":1,"3":1,"4":1,"5":6,"6":6,"7":6,"8":6,"9":2,"10":2,"11":2,"12":6,"13":12,"14":2,"15":1},"f":{"0":6,"1":2,"2":12,"3":2},"b":{"0":[6],"1":[1,1],"2":[2,2],"3":[12,6]}}
,"C:\\Users\\HP\\Desktop\\Company\\Mahavir-components\\src\\Components\\Products.tsx": {"path":"C:\\Users\\HP\\Desktop\\Company\\Mahavir-components\\src\\Components\\Products.tsx","statementMap":{"0":{"start":{"line":2,"column":0},"end":{"line":2,"column":42}},"1":{"start":{"line":3,"column":0},"end":{"line":3,"column":31}},"2":{"start":{"line":4,"column":0},"end":{"line":4,"column":34}},"3":{"start":{"line":21,"column":27},"end":{"line":29,"column":1}},"4":{"start":{"line":22,"column":2},"end":{"line":28,"column":4}},"5":{"start":{"line":25,"column":8},"end":{"line":25,"column":59}},"6":{"start":{"line":31,"column":0},"end":{"line":31,"column":24}}},"fnMap":{"0":{"name":"(anonymous_1)","decl":{"start":{"line":21,"column":27},"end":{"line":21,"column":30}},"loc":{"start":{"line":21,"column":32},"end":{"line":29,"column":1}}},"1":{"name":"(anonymous_2)","decl":{"start":{"line":24,"column":20},"end":{"line":24,"column":21}},"loc":{"start":{"line":25,"column":8},"end":{"line":25,"column":59}}}},"branchMap":{"0":{"loc":{"start":{"line":25,"column":39},"end":{"line":25,"column":55}},"type":"binary-expr","locations":[{"start":{"line":25,"column":39},"end":{"line":25,"column":46}},{"start":{"line":25,"column":50},"end":{"line":25,"column":55}}]}},"s":{"0":1,"1":1,"2":1,"3":1,"4":1,"5":2,"6":1},"f":{"0":1,"1":2},"b":{"0":[2,0]}}
,"C:\\Users\\HP\\Desktop\\Company\\Mahavir-components\\src\\Components\\StepOne.tsx": {"path":"C:\\Users\\HP\\Desktop\\Company\\Mahavir-components\\src\\Components\\StepOne.tsx","statementMap":{"0":{"start":{"line":1,"column":0},"end":{"line":1,"column":40}},"1":{"start":{"line":2,"column":0},"end":{"line":2,"column":36}},"2":{"start":{"line":3,"column":0},"end":{"line":3,"column":45}},"3":{"start":{"line":4,"column":0},"end":{"line":4,"column":49}},"4":{"start":{"line":5,"column":0},"end":{"line":5,"column":51}},"5":{"start":{"line":6,"column":0},"end":{"line":6,"column":34}},"6":{"start":{"line":13,"column":26},"end":{"line":98,"column":1}},"7":{"start":{"line":14,"column":44},"end":{"line":14,"column":63}},"8":{"start":{"line":15,"column":26},"end":{"line":15,"column":50}},"9":{"start":{"line":16,"column":34},"end":{"line":16,"column":73}},"10":{"start":{"line":18,"column":23},"end":{"line":21,"column":3}},"11":{"start":{"line":19,"column":4},"end":{"line":19,"column":24}},"12":{"start":{"line":20,"column":4},"end":{"line":20,"column":19}},"13":{"start":{"line":23,"column":2},"end":{"line":97,"column":4}},"14":{"start":{"line":36,"column":10},"end":{"line":37,"column":null}},"15":{"start":{"line":41,"column":27},"end":{"line":41,"column":50}},"16":{"start":{"line":70,"column":27},"end":{"line":70,"column":41}},"17":{"start":{"line":79,"column":33},"end":{"line":79,"column":68}},"18":{"start":{"line":85,"column":33},"end":{"line":85,"column":68}},"19":{"start":{"line":100,"column":0},"end":{"line":100,"column":23}}},"fnMap":{"0":{"name":"(anonymous_1)","decl":{"start":{"line":13,"column":26},"end":{"line":13,"column":29}},"loc":{"start":{"line":13,"column":31},"end":{"line":98,"column":1}}},"1":{"name":"(anonymous_2)","decl":{"start":{"line":18,"column":23},"end":{"line":18,"column":24}},"loc":{"start":{"line":18,"column":42},"end":{"line":21,"column":3}}},"2":{"name":"(anonymous_3)","decl":{"start":{"line":35,"column":24},"end":{"line":35,"column":25}},"loc":{"start":{"line":36,"column":10},"end":{"line":37,"column":null}}},"3":{"name":"(anonymous_4)","decl":{"start":{"line":41,"column":21},"end":{"line":41,"column":24}},"loc":{"start":{"line":41,"column":27},"end":{"line":41,"column":50}}},"4":{"name":"(anonymous_5)","decl":{"start":{"line":70,"column":21},"end":{"line":70,"column":24}},"loc":{"start":{"line":70,"column":27},"end":{"line":70,"column":41}}},"5":{"name":"(anonymous_6)","decl":{"start":{"line":79,"column":27},"end":{"line":79,"column":30}},"loc":{"start":{"line":79,"column":33},"end":{"line":79,"column":68}}},"6":{"name":"(anonymous_7)","decl":{"start":{"line":85,"column":27},"end":{"line":85,"column":30}},"loc":{"start":{"line":85,"column":33},"end":{"line":85,"column":68}}}},"branchMap":{"0":{"loc":{"start":{"line":39,"column":14},"end":{"line":39,"column":null}},"type":"cond-expr","locations":[{"start":{"line":39,"column":40},"end":{"line":39,"column":63}},{"start":{"line":39,"column":66},"end":{"line":39,"column":null}}]},"1":{"loc":{"start":{"line":75,"column":11},"end":{"line":91,"column":null}},"type":"binary-expr","locations":[{"start":{"line":75,"column":11},"end":{"line":75,"column":15}},{"start":{"line":76,"column":12},"end":{"line":90,"column":null}}]}},"s":{"0":1,"1":1,"2":1,"3":1,"4":1,"5":1,"6":1,"7":9,"8":9,"9":9,"10":9,"11":1,"12":1,"13":9,"14":18,"15":1,"16":1,"17":0,"18":1,"19":1},"f":{"0":9,"1":1,"2":18,"3":1,"4":1,"5":0,"6":1},"b":{"0":[9,9],"1":[9,1]}}
,"C:\\Users\\HP\\Desktop\\Company\\Mahavir-components\\src\\Components\\StepThree.tsx": {"path":"C:\\Users\\HP\\Desktop\\Company\\Mahavir-components\\src\\Components\\StepThree.tsx","statementMap":{"0":{"start":{"line":3,"column":28},"end":{"line":11,"column":1}},"1":{"start":{"line":4,"column":2},"end":{"line":10,"column":4}},"2":{"start":{"line":13,"column":0},"end":{"line":13,"column":25}}},"fnMap":{"0":{"name":"(anonymous_0)","decl":{"start":{"line":3,"column":28},"end":{"line":3,"column":31}},"loc":{"start":{"line":3,"column":33},"end":{"line":11,"column":1}}}},"branchMap":{},"s":{"0":1,"1":1,"2":1},"f":{"0":1},"b":{}}
,"C:\\Users\\HP\\Desktop\\Company\\Mahavir-components\\src\\Components\\StepTwo.tsx": {"path":"C:\\Users\\HP\\Desktop\\Company\\Mahavir-components\\src\\Components\\StepTwo.tsx","statementMap":{"0":{"start":{"line":1,"column":0},"end":{"line":1,"column":40}},"1":{"start":{"line":2,"column":0},"end":{"line":2,"column":36}},"2":{"start":{"line":15,"column":40},"end":{"line":69,"column":1}},"3":{"start":{"line":16,"column":34},"end":{"line":16,"column":68}},"4":{"start":{"line":18,"column":22},"end":{"line":18,"column":74}},"5":{"start":{"line":18,"column":53},"end":{"line":18,"column":73}},"6":{"start":{"line":20,"column":23},"end":{"line":23,"column":3}},"7":{"start":{"line":21,"column":4},"end":{"line":21,"column":20}},"8":{"start":{"line":22,"column":4},"end":{"line":22,"column":24}},"9":{"start":{"line":25,"column":2},"end":{"line":68,"column":4}},"10":{"start":{"line":50,"column":12},"end":{"line":51,"column":null}},"11":{"start":{"line":52,"column":29},"end":{"line":52,"column":61}},"12":{"start":{"line":71,"column":0},"end":{"line":71,"column":23}}},"fnMap":{"0":{"name":"(anonymous_0)","decl":{"start":{"line":15,"column":40},"end":{"line":15,"column":41}},"loc":{"start":{"line":15,"column":77},"end":{"line":69,"column":1}}},"1":{"name":"(anonymous_1)","decl":{"start":{"line":18,"column":43},"end":{"line":18,"column":44}},"loc":{"start":{"line":18,"column":53},"end":{"line":18,"column":73}}},"2":{"name":"(anonymous_2)","decl":{"start":{"line":20,"column":23},"end":{"line":20,"column":24}},"loc":{"start":{"line":20,"column":52},"end":{"line":23,"column":3}}},"3":{"name":"(anonymous_3)","decl":{"start":{"line":49,"column":26},"end":{"line":49,"column":27}},"loc":{"start":{"line":50,"column":12},"end":{"line":51,"column":null}}},"4":{"name":"(anonymous_4)","decl":{"start":{"line":52,"column":23},"end":{"line":52,"column":26}},"loc":{"start":{"line":52,"column":29},"end":{"line":52,"column":61}}}},"branchMap":{"0":{"loc":{"start":{"line":54,"column":16},"end":{"line":54,"column":null}},"type":"cond-expr","locations":[{"start":{"line":54,"column":39},"end":{"line":54,"column":49}},{"start":{"line":54,"column":52},"end":{"line":54,"column":null}}]}},"s":{"0":1,"1":1,"2":1,"3":4,"4":4,"5":5,"6":4,"7":1,"8":1,"9":4,"10":12,"11":1,"12":1},"f":{"0":4,"1":5,"2":1,"3":12,"4":1},"b":{"0":[4,8]}}
,"C:\\Users\\HP\\Desktop\\Company\\Mahavir-components\\src\\Components\\StoneSelectorModal.tsx": {"path":"C:\\Users\\HP\\Desktop\\Company\\Mahavir-components\\src\\Components\\StoneSelectorModal.tsx","statementMap":{"0":{"start":{"line":2,"column":0},"end":{"line":2,"column":49}},"1":{"start":{"line":3,"column":0},"end":{"line":3,"column":36}},"2":{"start":{"line":16,"column":62},"end":{"line":52,"column":1}},"3":{"start":{"line":17,"column":2},"end":{"line":51,"column":4}},"4":{"start":{"line":38,"column":12},"end":{"line":39,"column":null}},"5":{"start":{"line":40,"column":29},"end":{"line":40,"column":48}},"6":{"start":{"line":54,"column":0},"end":{"line":54,"column":34}}},"fnMap":{"0":{"name":"(anonymous_0)","decl":{"start":{"line":16,"column":62},"end":{"line":16,"column":63}},"loc":{"start":{"line":16,"column":88},"end":{"line":52,"column":1}}},"1":{"name":"(anonymous_1)","decl":{"start":{"line":37,"column":26},"end":{"line":37,"column":27}},"loc":{"start":{"line":38,"column":12},"end":{"line":39,"column":null}}},"2":{"name":"(anonymous_2)","decl":{"start":{"line":40,"column":23},"end":{"line":40,"column":26}},"loc":{"start":{"line":40,"column":29},"end":{"line":40,"column":48}}}},"branchMap":{},"s":{"0":1,"1":1,"2":1,"3":4,"4":12,"5":1,"6":1},"f":{"0":4,"1":12,"2":1},"b":{}}
,"C:\\Users\\HP\\Desktop\\Company\\Mahavir-components\\src\\Components\\Grids\\StoneGrid.tsx": {"path":"C:\\Users\\HP\\Desktop\\Company\\Mahavir-components\\src\\Components\\Grids\\StoneGrid.tsx","statementMap":{"0":{"start":{"line":1,"column":0},"end":{"line":1,"column":41}},"1":{"start":{"line":2,"column":0},"end":{"line":2,"column":40}},"2":{"start":{"line":3,"column":0},"end":{"line":3,"column":40}},"3":{"start":{"line":17,"column":44},"end":{"line":99,"column":1}},"4":{"start":{"line":22,"column":34},"end":{"line":22,"column":55}},"5":{"start":{"line":24,"column":2},"end":{"line":28,"column":15}},"6":{"start":{"line":25,"column":4},"end":{"line":27,"column":5}},"7":{"start":{"line":26,"column":6},"end":{"line":26,"column":33}},"8":{"start":{"line":30,"column":23},"end":{"line":32,"column":3}},"9":{"start":{"line":31,"column":4},"end":{"line":31,"column":25}},"10":{"start":{"line":34,"column":26},"end":{"line":50,"column":null}},"11":{"start":{"line":35,"column":4},"end":{"line":36,"column":null}},"12":{"start":{"line":39,"column":21},"end":{"line":39,"column":38}},"13":{"start":{"line":40,"column":24},"end":{"line":40,"column":62}},"14":{"start":{"line":53,"column":26},"end":{"line":53,"column":43}},"15":{"start":{"line":54,"column":20},"end":{"line":54,"column":61}},"16":{"start":{"line":55,"column":20},"end":{"line":55,"column":58}},"17":{"start":{"line":57,"column":2},"end":{"line":98,"column":4}},"18":{"start":{"line":63,"column":46},"end":{"line":63,"column":72}},"19":{"start":{"line":67,"column":33},"end":{"line":67,"column":55}},"20":{"start":{"line":81,"column":40},"end":{"line":81,"column":66}},"21":{"start":{"line":93,"column":12},"end":{"line":93,"column":42}},"22":{"start":{"line":101,"column":0},"end":{"line":101,"column":25}}},"fnMap":{"0":{"name":"(anonymous_9)","decl":{"start":{"line":17,"column":44},"end":{"line":17,"column":45}},"loc":{"start":{"line":21,"column":5},"end":{"line":99,"column":1}}},"1":{"name":"(anonymous_10)","decl":{"start":{"line":24,"column":12},"end":{"line":24,"column":15}},"loc":{"start":{"line":24,"column":17},"end":{"line":28,"column":3}}},"2":{"name":"(anonymous_11)","decl":{"start":{"line":30,"column":23},"end":{"line":30,"column":24}},"loc":{"start":{"line":30,"column":41},"end":{"line":32,"column":3}}},"3":{"name":"(anonymous_12)","decl":{"start":{"line":34,"column":26},"end":{"line":34,"column":27}},"loc":{"start":{"line":35,"column":4},"end":{"line":36,"column":null}}},"4":{"name":"(anonymous_13)","decl":{"start":{"line":39,"column":15},"end":{"line":39,"column":18}},"loc":{"start":{"line":39,"column":21},"end":{"line":39,"column":38}}},"5":{"name":"(anonymous_14)","decl":{"start":{"line":40,"column":17},"end":{"line":40,"column":18}},"loc":{"start":{"line":40,"column":24},"end":{"line":40,"column":62}}},"6":{"name":"(anonymous_15)","decl":{"start":{"line":63,"column":31},"end":{"line":63,"column":32}},"loc":{"start":{"line":63,"column":46},"end":{"line":63,"column":72}}},"7":{"name":"(anonymous_16)","decl":{"start":{"line":67,"column":27},"end":{"line":67,"column":30}},"loc":{"start":{"line":67,"column":33},"end":{"line":67,"column":55}}},"8":{"name":"(anonymous_17)","decl":{"start":{"line":81,"column":25},"end":{"line":81,"column":26}},"loc":{"start":{"line":81,"column":40},"end":{"line":81,"column":66}}},"9":{"name":"(anonymous_18)","decl":{"start":{"line":92,"column":25},"end":{"line":92,"column":26}},"loc":{"start":{"line":93,"column":12},"end":{"line":93,"column":42}}}},"branchMap":{"0":{"loc":{"start":{"line":25,"column":4},"end":{"line":27,"column":5}},"type":"if","locations":[{"start":{"line":25,"column":4},"end":{"line":27,"column":5}}]},"1":{"loc":{"start":{"line":40,"column":24},"end":{"line":40,"column":62}},"type":"binary-expr","locations":[{"start":{"line":40,"column":24},"end":{"line":40,"column":41}},{"start":{"line":40,"column":45},"end":{"line":40,"column":62}}]},"2":{"loc":{"start":{"line":42,"column":10},"end":{"line":42,"column":69}},"type":"cond-expr","locations":[{"start":{"line":42,"column":32},"end":{"line":42,"column":49}},{"start":{"line":42,"column":52},"end":{"line":42,"column":69}}]},"3":{"loc":{"start":{"line":54,"column":20},"end":{"line":54,"column":61}},"type":"cond-expr","locations":[{"start":{"line":54,"column":38},"end":{"line":54,"column":56}},{"start":{"line":54,"column":59},"end":{"line":54,"column":61}}]},"4":{"loc":{"start":{"line":55,"column":20},"end":{"line":55,"column":58}},"type":"cond-expr","locations":[{"start":{"line":55,"column":38},"end":{"line":55,"column":53}},{"start":{"line":55,"column":56},"end":{"line":55,"column":58}}]},"5":{"loc":{"start":{"line":60,"column":9},"end":{"line":81,"column":null}},"type":"cond-expr","locations":[{"start":{"line":62,"column":14},"end":{"line":77,"column":null}},{"start":{"line":81,"column":14},"end":{"line":81,"column":67}}]},"6":{"loc":{"start":{"line":73,"column":27},"end":{"line":73,"column":58}},"type":"cond-expr","locations":[{"start":{"line":73,"column":38},"end":{"line":73,"column":44}},{"start":{"line":73,"column":47},"end":{"line":73,"column":58}}]},"7":{"loc":{"start":{"line":75,"column":21},"end":{"line":75,"column":55}},"type":"cond-expr","locations":[{"start":{"line":75,"column":32},"end":{"line":75,"column":42}},{"start":{"line":75,"column":45},"end":{"line":75,"column":55}}]},"8":{"loc":{"start":{"line":86,"column":7},"end":{"line":95,"column":null}},"type":"binary-expr","locations":[{"start":{"line":86,"column":7},"end":{"line":86,"column":22}},{"start":{"line":87,"column":8},"end":{"line":94,"column":null}}]},"9":{"loc":{"start":{"line":89,"column":12},"end":{"line":89,"column":null}},"type":"cond-expr","locations":[{"start":{"line":89,"column":23},"end":{"line":89,"column":45}},{"start":{"line":89,"column":48},"end":{"line":89,"column":null}}]}},"s":{"0":0,"1":0,"2":0,"3":0,"4":0,"5":0,"6":0,"7":0,"8":0,"9":0,"10":0,"11":0,"12":0,"13":0,"14":0,"15":0,"16":0,"17":0,"18":0,"19":0,"20":0,"21":0,"22":0},"f":{"0":0,"1":0,"2":0,"3":0,"4":0,"5":0,"6":0,"7":0,"8":0,"9":0},"b":{"0":[0],"1":[0,0],"2":[0,0],"3":[0,0],"4":[0,0],"5":[0,0],"6":[0,0],"7":[0,0],"8":[0,0],"9":[0,0]}}
,"C:\\Users\\HP\\Desktop\\Company\\Mahavir-components\\src\\Components\\Sliders\\VideoSlider.tsx": {"path":"C:\\Users\\HP\\Desktop\\Company\\Mahavir-components\\src\\Components\\Sliders\\VideoSlider.tsx","statementMap":{"0":{"start":{"line":1,"column":0},"end":{"line":1,"column":48}},"1":{"start":{"line":2,"column":0},"end":{"line":2,"column":51}},"2":{"start":{"line":3,"column":0},"end":{"line":3,"column":44}},"3":{"start":{"line":4,"column":0},"end":{"line":4,"column":20}},"4":{"start":{"line":5,"column":0},"end":{"line":5,"column":31}},"5":{"start":{"line":6,"column":0},"end":{"line":6,"column":38}},"6":{"start":{"line":12,"column":48},"end":{"line":89,"column":1}},"7":{"start":{"line":13,"column":42},"end":{"line":13,"column":53}},"8":{"start":{"line":14,"column":20},"end":{"line":14,"column":37}},"9":{"start":{"line":16,"column":28},"end":{"line":18,"column":3}},"10":{"start":{"line":17,"column":4},"end":{"line":17,"column":38}},"11":{"start":{"line":20,"column":20},"end":{"line":24,"column":3}},"12":{"start":{"line":21,"column":4},"end":{"line":23,"column":5}},"13":{"start":{"line":22,"column":6},"end":{"line":22,"column":39}},"14":{"start":{"line":26,"column":25},"end":{"line":43,"column":3}},"15":{"start":{"line":27,"column":18},"end":{"line":27,"column":31}},"16":{"start":{"line":28,"column":20},"end":{"line":28,"column":21}},"17":{"start":{"line":30,"column":4},"end":{"line":32,"column":5}},"18":{"start":{"line":31,"column":6},"end":{"line":31,"column":56}},"19":{"start":{"line":31,"column":53},"end":{"line":31,"column":54}},"20":{"start":{"line":34,"column":16},"end":{"line":34,"column":45}},"21":{"start":{"line":35,"column":14},"end":{"line":35,"column":29}},"22":{"start":{"line":37,"column":4},"end":{"line":40,"column":5}},"23":{"start":{"line":38,"column":6},"end":{"line":38,"column":18}},"24":{"start":{"line":39,"column":6},"end":{"line":39,"column":28}},"25":{"start":{"line":42,"column":4},"end":{"line":42,"column":68}},"26":{"start":{"line":42,"column":57},"end":{"line":42,"column":66}},"27":{"start":{"line":45,"column":2},"end":{"line":88,"column":4}},"28":{"start":{"line":52,"column":31},"end":{"line":52,"column":57}},"29":{"start":{"line":55,"column":10},"end":{"line":55,"column":null}},"30":{"start":{"line":71,"column":23},"end":{"line":71,"column":53}},"31":{"start":{"line":72,"column":26},"end":{"line":72,"column":28}},"32":{"start":{"line":74,"column":10},"end":{"line":76,"column":49}},"33":{"start":{"line":74,"column":26},"end":{"line":74,"column":64}},"34":{"start":{"line":75,"column":15},"end":{"line":76,"column":49}},"35":{"start":{"line":75,"column":31},"end":{"line":75,"column":69}},"36":{"start":{"line":76,"column":15},"end":{"line":76,"column":49}},"37":{"start":{"line":78,"column":10},"end":{"line":84,"column":12}},"38":{"start":{"line":81,"column":29},"end":{"line":81,"column":45}},"39":{"start":{"line":91,"column":0},"end":{"line":91,"column":27}}},"fnMap":{"0":{"name":"(anonymous_0)","decl":{"start":{"line":12,"column":48},"end":{"line":12,"column":49}},"loc":{"start":{"line":12,"column":63},"end":{"line":89,"column":1}}},"1":{"name":"(anonymous_1)","decl":{"start":{"line":16,"column":28},"end":{"line":16,"column":29}},"loc":{"start":{"line":16,"column":44},"end":{"line":18,"column":3}}},"2":{"name":"(anonymous_2)","decl":{"start":{"line":20,"column":20},"end":{"line":20,"column":21}},"loc":{"start":{"line":20,"column":38},"end":{"line":24,"column":3}}},"3":{"name":"(anonymous_3)","decl":{"start":{"line":26,"column":25},"end":{"line":26,"column":28}},"loc":{"start":{"line":26,"column":30},"end":{"line":43,"column":3}}},"4":{"name":"(anonymous_4)","decl":{"start":{"line":31,"column":43},"end":{"line":31,"column":44}},"loc":{"start":{"line":31,"column":53},"end":{"line":31,"column":54}}},"5":{"name":"(anonymous_5)","decl":{"start":{"line":42,"column":47},"end":{"line":42,"column":48}},"loc":{"start":{"line":42,"column":57},"end":{"line":42,"column":66}}},"6":{"name":"(anonymous_6)","decl":{"start":{"line":52,"column":18},"end":{"line":52,"column":19}},"loc":{"start":{"line":52,"column":31},"end":{"line":52,"column":57}}},"7":{"name":"(anonymous_7)","decl":{"start":{"line":54,"column":20},"end":{"line":54,"column":21}},"loc":{"start":{"line":55,"column":10},"end":{"line":55,"column":null}}},"8":{"name":"(anonymous_8)","decl":{"start":{"line":70,"column":30},"end":{"line":70,"column":31}},"loc":{"start":{"line":70,"column":40},"end":{"line":85,"column":9}}},"9":{"name":"(anonymous_9)","decl":{"start":{"line":81,"column":23},"end":{"line":81,"column":26}},"loc":{"start":{"line":81,"column":29},"end":{"line":81,"column":45}}}},"branchMap":{"0":{"loc":{"start":{"line":21,"column":4},"end":{"line":23,"column":5}},"type":"if","locations":[{"start":{"line":21,"column":4},"end":{"line":23,"column":5}}]},"1":{"loc":{"start":{"line":30,"column":4},"end":{"line":32,"column":5}},"type":"if","locations":[{"start":{"line":30,"column":4},"end":{"line":32,"column":5}}]},"2":{"loc":{"start":{"line":37,"column":4},"end":{"line":40,"column":5}},"type":"if","locations":[{"start":{"line":37,"column":4},"end":{"line":40,"column":5}}]},"3":{"loc":{"start":{"line":74,"column":10},"end":{"line":76,"column":49}},"type":"if","locations":[{"start":{"line":74,"column":10},"end":{"line":76,"column":49}},{"start":{"line":75,"column":15},"end":{"line":76,"column":49}}]},"4":{"loc":{"start":{"line":75,"column":15},"end":{"line":76,"column":49}},"type":"if","locations":[{"start":{"line":75,"column":15},"end":{"line":76,"column":49}},{"start":{"line":76,"column":15},"end":{"line":76,"column":49}}]}},"s":{"0":0,"1":0,"2":0,"3":0,"4":0,"5":0,"6":0,"7":0,"8":0,"9":0,"10":0,"11":0,"12":0,"13":0,"14":0,"15":0,"16":0,"17":0,"18":0,"19":0,"20":0,"21":0,"22":0,"23":0,"24":0,"25":0,"26":0,"27":0,"28":0,"29":0,"30":0,"31":0,"32":0,"33":0,"34":0,"35":0,"36":0,"37":0,"38":0,"39":0},"f":{"0":0,"1":0,"2":0,"3":0,"4":0,"5":0,"6":0,"7":0,"8":0,"9":0},"b":{"0":[0],"1":[0],"2":[0],"3":[0,0],"4":[0,0]}}
,"C:\\Users\\HP\\Desktop\\Company\\Mahavir-components\\src\\Components\\Stepper\\Stepper.tsx": {"path":"C:\\Users\\HP\\Desktop\\Company\\Mahavir-components\\src\\Components\\Stepper\\Stepper.tsx","statementMap":{"0":{"start":{"line":2,"column":0},"end":{"line":2,"column":40}},"1":{"start":{"line":3,"column":0},"end":{"line":3,"column":64}},"2":{"start":{"line":18,"column":22},"end":{"line":22,"column":2}},"3":{"start":{"line":24,"column":40},"end":{"line":80,"column":1}},"4":{"start":{"line":25,"column":2},"end":{"line":79,"column":4}},"5":{"start":{"line":28,"column":21},"end":{"line":28,"column":30}},"6":{"start":{"line":30,"column":8},"end":{"line":76,"column":10}},"7":{"start":{"line":38,"column":27},"end":{"line":38,"column":47}},"8":{"start":{"line":82,"column":0},"end":{"line":82,"column":23}}},"fnMap":{"0":{"name":"(anonymous_0)","decl":{"start":{"line":24,"column":40},"end":{"line":24,"column":41}},"loc":{"start":{"line":24,"column":87},"end":{"line":80,"column":1}}},"1":{"name":"(anonymous_1)","decl":{"start":{"line":27,"column":17},"end":{"line":27,"column":18}},"loc":{"start":{"line":27,"column":33},"end":{"line":77,"column":7}}},"2":{"name":"(anonymous_2)","decl":{"start":{"line":38,"column":21},"end":{"line":38,"column":24}},"loc":{"start":{"line":38,"column":27},"end":{"line":38,"column":47}}}},"branchMap":{"0":{"loc":{"start":{"line":34,"column":16},"end":{"line":34,"column":95}},"type":"cond-expr","locations":[{"start":{"line":34,"column":41},"end":{"line":34,"column":64}},{"start":{"line":34,"column":67},"end":{"line":34,"column":95}}]},"1":{"loc":{"start":{"line":35,"column":16},"end":{"line":35,"column":54}},"type":"cond-expr","locations":[{"start":{"line":35,"column":30},"end":{"line":35,"column":49}},{"start":{"line":35,"column":52},"end":{"line":35,"column":54}}]},"2":{"loc":{"start":{"line":36,"column":16},"end":{"line":36,"column":64}},"type":"cond-expr","locations":[{"start":{"line":36,"column":45},"end":{"line":36,"column":59}},{"start":{"line":36,"column":62},"end":{"line":36,"column":64}}]},"3":{"loc":{"start":{"line":37,"column":16},"end":{"line":37,"column":107}},"type":"cond-expr","locations":[{"start":{"line":37,"column":70},"end":{"line":37,"column":102}},{"start":{"line":37,"column":105},"end":{"line":37,"column":107}}]},"4":{"loc":{"start":{"line":37,"column":16},"end":{"line":37,"column":67}},"type":"binary-expr","locations":[{"start":{"line":37,"column":16},"end":{"line":37,"column":29}},{"start":{"line":37,"column":34},"end":{"line":37,"column":48}},{"start":{"line":37,"column":52},"end":{"line":37,"column":66}}]},"5":{"loc":{"start":{"line":40,"column":59},"end":{"line":40,"column":91}},"type":"cond-expr","locations":[{"start":{"line":40,"column":75},"end":{"line":40,"column":81}},{"start":{"line":40,"column":84},"end":{"line":40,"column":91}}]},"6":{"loc":{"start":{"line":61,"column":20},"end":{"line":63,"column":50}},"type":"cond-expr","locations":[{"start":{"line":61,"column":36},"end":{"line":61,"column":42}},{"start":{"line":62,"column":20},"end":{"line":63,"column":50}}]},"7":{"loc":{"start":{"line":62,"column":20},"end":{"line":63,"column":50}},"type":"cond-expr","locations":[{"start":{"line":62,"column":36},"end":{"line":62,"column":42}},{"start":{"line":63,"column":20},"end":{"line":63,"column":50}}]},"8":{"loc":{"start":{"line":63,"column":20},"end":{"line":63,"column":50}},"type":"cond-expr","locations":[{"start":{"line":63,"column":36},"end":{"line":63,"column":42}},{"start":{"line":63,"column":45},"end":{"line":63,"column":50}}]},"9":{"loc":{"start":{"line":68,"column":20},"end":{"line":70,"column":null}},"type":"cond-expr","locations":[{"start":{"line":69,"column":24},"end":{"line":69,"column":69}},{"start":{"line":70,"column":24},"end":{"line":70,"column":null}}]}},"s":{"0":0,"1":0,"2":0,"3":0,"4":0,"5":0,"6":0,"7":0,"8":0},"f":{"0":0,"1":0,"2":0},"b":{"0":[0,0],"1":[0,0],"2":[0,0],"3":[0,0],"4":[0,0,0],"5":[0,0],"6":[0,0],"7":[0,0],"8":[0,0],"9":[0,0]}}
,"C:\\Users\\HP\\Desktop\\Company\\Mahavir-components\\src\\Pages\\Home.tsx": {"path":"C:\\Users\\HP\\Desktop\\Company\\Mahavir-components\\src\\Pages\\Home.tsx","statementMap":{"0":{"start":{"line":2,"column":23},"end":{"line":10,"column":1}},"1":{"start":{"line":5,"column":2},"end":{"line":9,"column":4}},"2":{"start":{"line":12,"column":0},"end":{"line":12,"column":20}}},"fnMap":{"0":{"name":"(anonymous_0)","decl":{"start":{"line":2,"column":23},"end":{"line":2,"column":26}},"loc":{"start":{"line":2,"column":28},"end":{"line":10,"column":1}}}},"branchMap":{},"s":{"0":1,"1":2,"2":1},"f":{"0":2},"b":{}}
,"C:\\Users\\HP\\Desktop\\Company\\Mahavir-components\\src\\Pages\\ProductPage\\DiamondRingPreview.tsx": {"path":"C:\\Users\\HP\\Desktop\\Company\\Mahavir-components\\src\\Pages\\ProductPage\\DiamondRingPreview.tsx","statementMap":{"0":{"start":{"line":1,"column":0},"end":{"line":1,"column":48}},"1":{"start":{"line":3,"column":27},"end":{"line":98,"column":1}},"2":{"start":{"line":4,"column":27},"end":{"line":4,"column":72}},"3":{"start":{"line":7,"column":51},"end":{"line":17,"column":6}},"4":{"start":{"line":19,"column":44},"end":{"line":19,"column":57}},"5":{"start":{"line":20,"column":42},"end":{"line":20,"column":71}},"6":{"start":{"line":22,"column":25},"end":{"line":22,"column":60}},"7":{"start":{"line":24,"column":27},"end":{"line":49,"column":5}},"8":{"start":{"line":25,"column":23},"end":{"line":25,"column":52}},"9":{"start":{"line":26,"column":8},"end":{"line":26,"column":39}},"10":{"start":{"line":28,"column":8},"end":{"line":28,"column":70}},"11":{"start":{"line":28,"column":34},"end":{"line":28,"column":70}},"12":{"start":{"line":30,"column":8},"end":{"line":48,"column":15}},"13":{"start":{"line":31,"column":12},"end":{"line":47,"column":15}},"14":{"start":{"line":32,"column":16},"end":{"line":35,"column":17}},"15":{"start":{"line":33,"column":20},"end":{"line":33,"column":57}},"16":{"start":{"line":34,"column":20},"end":{"line":34,"column":32}},"17":{"start":{"line":37,"column":29},"end":{"line":37,"column":33}},"18":{"start":{"line":38,"column":34},"end":{"line":38,"column":56}},"19":{"start":{"line":39,"column":29},"end":{"line":39,"column":77}},"20":{"start":{"line":41,"column":16},"end":{"line":44,"column":17}},"21":{"start":{"line":42,"column":20},"end":{"line":42,"column":57}},"22":{"start":{"line":43,"column":20},"end":{"line":43,"column":34}},"23":{"start":{"line":46,"column":16},"end":{"line":46,"column":28}},"24":{"start":{"line":51,"column":4},"end":{"line":97,"column":6}},"25":{"start":{"line":77,"column":24},"end":{"line":77,"column":null}},"26":{"start":{"line":79,"column":47},"end":{"line":79,"column":69}},"27":{"start":{"line":100,"column":0},"end":{"line":100,"column":34}}},"fnMap":{"0":{"name":"(anonymous_9)","decl":{"start":{"line":3,"column":27},"end":{"line":3,"column":30}},"loc":{"start":{"line":3,"column":32},"end":{"line":98,"column":1}}},"1":{"name":"(anonymous_10)","decl":{"start":{"line":24,"column":27},"end":{"line":24,"column":28}},"loc":{"start":{"line":24,"column":53},"end":{"line":49,"column":5}}},"2":{"name":"(anonymous_11)","decl":{"start":{"line":30,"column":43},"end":{"line":30,"column":46}},"loc":{"start":{"line":30,"column":48},"end":{"line":48,"column":9}}},"3":{"name":"(anonymous_12)","decl":{"start":{"line":31,"column":27},"end":{"line":31,"column":31}},"loc":{"start":{"line":31,"column":34},"end":{"line":47,"column":13}}},"4":{"name":"(anonymous_13)","decl":{"start":{"line":76,"column":40},"end":{"line":76,"column":41}},"loc":{"start":{"line":77,"column":24},"end":{"line":77,"column":null}}},"5":{"name":"(anonymous_14)","decl":{"start":{"line":79,"column":41},"end":{"line":79,"column":44}},"loc":{"start":{"line":79,"column":47},"end":{"line":79,"column":69}}}},"branchMap":{"0":{"loc":{"start":{"line":28,"column":8},"end":{"line":28,"column":70}},"type":"if","locations":[{"start":{"line":28,"column":8},"end":{"line":28,"column":70}}]},"1":{"loc":{"start":{"line":32,"column":16},"end":{"line":35,"column":17}},"type":"if","locations":[{"start":{"line":32,"column":16},"end":{"line":35,"column":17}}]},"2":{"loc":{"start":{"line":38,"column":34},"end":{"line":38,"column":56}},"type":"cond-expr","locations":[{"start":{"line":38,"column":50},"end":{"line":38,"column":51}},{"start":{"line":38,"column":54},"end":{"line":38,"column":56}}]},"3":{"loc":{"start":{"line":41,"column":16},"end":{"line":44,"column":17}},"type":"if","locations":[{"start":{"line":41,"column":16},"end":{"line":44,"column":17}}]},"4":{"loc":{"start":{"line":41,"column":20},"end":{"line":41,"column":95}},"type":"binary-expr","locations":[{"start":{"line":41,"column":21},"end":{"line":41,"column":36}},{"start":{"line":41,"column":40},"end":{"line":41,"column":54}},{"start":{"line":41,"column":60},"end":{"line":41,"column":76}},{"start":{"line":41,"column":80},"end":{"line":41,"column":94}}]},"5":{"loc":{"start":{"line":81,"column":26},"end":{"line":81,"column":99}},"type":"cond-expr","locations":[{"start":{"line":81,"column":52},"end":{"line":81,"column":64}},{"start":{"line":81,"column":67},"end":{"line":81,"column":99}}]},"6":{"loc":{"start":{"line":88,"column":29},"end":{"line":89,"column":null}},"type":"binary-expr","locations":[{"start":{"line":88,"column":29},"end":{"line":88,"column":62}},{"start":{"line":89,"column":32},"end":{"line":89,"column":89}}]}},"s":{"0":0,"1":0,"2":0,"3":0,"4":0,"5":0,"6":0,"7":0,"8":0,"9":0,"10":0,"11":0,"12":0,"13":0,"14":0,"15":0,"16":0,"17":0,"18":0,"19":0,"20":0,"21":0,"22":0,"23":0,"24":0,"25":0,"26":0,"27":0},"f":{"0":0,"1":0,"2":0,"3":0,"4":0,"5":0},"b":{"0":[0],"1":[0],"2":[0,0],"3":[0],"4":[0,0,0,0],"5":[0,0],"6":[0,0]}}
,"C:\\Users\\HP\\Desktop\\Company\\Mahavir-components\\src\\Pages\\ProductPage\\HeroSection.tsx": {"path":"C:\\Users\\HP\\Desktop\\Company\\Mahavir-components\\src\\Pages\\ProductPage\\HeroSection.tsx","statementMap":{"0":{"start":{"line":1,"column":0},"end":{"line":1,"column":26}},"1":{"start":{"line":2,"column":0},"end":{"line":2,"column":63}},"2":{"start":{"line":3,"column":0},"end":{"line":3,"column":63}},"3":{"start":{"line":4,"column":0},"end":{"line":4,"column":48}},"4":{"start":{"line":5,"column":0},"end":{"line":5,"column":48}},"5":{"start":{"line":6,"column":0},"end":{"line":6,"column":54}},"6":{"start":{"line":29,"column":56},"end":{"line":125,"column":1}},"7":{"start":{"line":30,"column":4},"end":{"line":124,"column":6}},"8":{"start":{"line":36,"column":24},"end":{"line":37,"column":null}},"9":{"start":{"line":62,"column":66},"end":{"line":62,"column":74}},"10":{"start":{"line":72,"column":24},"end":{"line":72,"column":null}},"11":{"start":{"line":94,"column":24},"end":{"line":94,"column":null}},"12":{"start":{"line":109,"column":24},"end":{"line":109,"column":null}},"13":{"start":{"line":127,"column":0},"end":{"line":127,"column":27}}},"fnMap":{"0":{"name":"(anonymous_1)","decl":{"start":{"line":29,"column":56},"end":{"line":29,"column":57}},"loc":{"start":{"line":29,"column":72},"end":{"line":125,"column":1}}},"1":{"name":"(anonymous_2)","decl":{"start":{"line":35,"column":45},"end":{"line":35,"column":46}},"loc":{"start":{"line":36,"column":24},"end":{"line":37,"column":null}}},"2":{"name":"(anonymous_3)","decl":{"start":{"line":62,"column":57},"end":{"line":62,"column":58}},"loc":{"start":{"line":62,"column":66},"end":{"line":62,"column":74}}},"3":{"name":"(anonymous_4)","decl":{"start":{"line":71,"column":45},"end":{"line":71,"column":46}},"loc":{"start":{"line":72,"column":24},"end":{"line":72,"column":null}}},"4":{"name":"(anonymous_5)","decl":{"start":{"line":93,"column":47},"end":{"line":93,"column":48}},"loc":{"start":{"line":94,"column":24},"end":{"line":94,"column":null}}},"5":{"name":"(anonymous_6)","decl":{"start":{"line":108,"column":46},"end":{"line":108,"column":47}},"loc":{"start":{"line":109,"column":24},"end":{"line":109,"column":null}}}},"branchMap":{},"s":{"0":0,"1":0,"2":0,"3":0,"4":0,"5":0,"6":0,"7":0,"8":0,"9":0,"10":0,"11":0,"12":0,"13":0},"f":{"0":0,"1":0,"2":0,"3":0,"4":0,"5":0},"b":{}}
,"C:\\Users\\HP\\Desktop\\Company\\Mahavir-components\\src\\Pages\\ProductPage\\QuickCheckout.tsx": {"path":"C:\\Users\\HP\\Desktop\\Company\\Mahavir-components\\src\\Pages\\ProductPage\\QuickCheckout.tsx","statementMap":{"0":{"start":{"line":1,"column":0},"end":{"line":1,"column":59}},"1":{"start":{"line":2,"column":0},"end":{"line":2,"column":44}},"2":{"start":{"line":3,"column":0},"end":{"line":3,"column":53}},"3":{"start":{"line":6,"column":32},"end":{"line":70,"column":1}},"4":{"start":{"line":7,"column":32},"end":{"line":7,"column":47}},"5":{"start":{"line":8,"column":23},"end":{"line":8,"column":51}},"6":{"start":{"line":9,"column":38},"end":{"line":9,"column":53}},"7":{"start":{"line":11,"column":4},"end":{"line":15,"column":17}},"8":{"start":{"line":12,"column":8},"end":{"line":14,"column":9}},"9":{"start":{"line":13,"column":12},"end":{"line":13,"column":82}},"10":{"start":{"line":17,"column":4},"end":{"line":69,"column":6}},"11":{"start":{"line":22,"column":31},"end":{"line":22,"column":49}},"12":{"start":{"line":72,"column":0},"end":{"line":72,"column":29}}},"fnMap":{"0":{"name":"(anonymous_0)","decl":{"start":{"line":6,"column":32},"end":{"line":6,"column":35}},"loc":{"start":{"line":6,"column":37},"end":{"line":70,"column":1}}},"1":{"name":"(anonymous_1)","decl":{"start":{"line":11,"column":14},"end":{"line":11,"column":17}},"loc":{"start":{"line":11,"column":19},"end":{"line":15,"column":5}}},"2":{"name":"(anonymous_2)","decl":{"start":{"line":22,"column":25},"end":{"line":22,"column":28}},"loc":{"start":{"line":22,"column":31},"end":{"line":22,"column":49}}}},"branchMap":{"0":{"loc":{"start":{"line":12,"column":8},"end":{"line":14,"column":9}},"type":"if","locations":[{"start":{"line":12,"column":8},"end":{"line":14,"column":9}}]},"1":{"loc":{"start":{"line":13,"column":25},"end":{"line":13,"column":80}},"type":"cond-expr","locations":[{"start":{"line":13,"column":34},"end":{"line":13,"column":72}},{"start":{"line":13,"column":75},"end":{"line":13,"column":80}}]},"2":{"loc":{"start":{"line":27,"column":20},"end":{"line":27,"column":88}},"type":"cond-expr","locations":[{"start":{"line":27,"column":29},"end":{"line":27,"column":53}},{"start":{"line":27,"column":56},"end":{"line":27,"column":88}}]}},"s":{"0":0,"1":0,"2":0,"3":0,"4":0,"5":0,"6":0,"7":0,"8":0,"9":0,"10":0,"11":0,"12":0},"f":{"0":0,"1":0,"2":0},"b":{"0":[0],"1":[0,0],"2":[0,0]}}
,"C:\\Users\\HP\\Desktop\\Company\\Mahavir-components\\src\\Pages\\ProductPage\\Rotate360Viewer.tsx": {"path":"C:\\Users\\HP\\Desktop\\Company\\Mahavir-components\\src\\Pages\\ProductPage\\Rotate360Viewer.tsx","statementMap":{"0":{"start":{"line":2,"column":0},"end":{"line":2,"column":48}},"1":{"start":{"line":10,"column":56},"end":{"line":70,"column":1}},"2":{"start":{"line":11,"column":23},"end":{"line":11,"column":51}},"3":{"start":{"line":12,"column":28},"end":{"line":12,"column":39}},"4":{"start":{"line":14,"column":26},"end":{"line":24,"column":3}},"5":{"start":{"line":15,"column":22},"end":{"line":15,"column":42}},"6":{"start":{"line":16,"column":4},"end":{"line":16,"column":50}},"7":{"start":{"line":16,"column":43},"end":{"line":16,"column":50}},"8":{"start":{"line":18,"column":17},"end":{"line":18,"column":50}},"9":{"start":{"line":19,"column":19},"end":{"line":19,"column":40}},"10":{"start":{"line":20,"column":23},"end":{"line":20,"column":42}},"11":{"start":{"line":21,"column":21},"end":{"line":21,"column":59}},"12":{"start":{"line":23,"column":4},"end":{"line":23,"column":23}},"13":{"start":{"line":26,"column":2},"end":{"line":69,"column":4}},"14":{"start":{"line":72,"column":0},"end":{"line":72,"column":31}}},"fnMap":{"0":{"name":"(anonymous_0)","decl":{"start":{"line":10,"column":56},"end":{"line":10,"column":57}},"loc":{"start":{"line":10,"column":105},"end":{"line":70,"column":1}}},"1":{"name":"(anonymous_1)","decl":{"start":{"line":14,"column":26},"end":{"line":14,"column":27}},"loc":{"start":{"line":14,"column":66},"end":{"line":24,"column":3}}}},"branchMap":{"0":{"loc":{"start":{"line":10,"column":67},"end":{"line":10,"column":81}},"type":"default-arg","locations":[{"start":{"line":10,"column":79},"end":{"line":10,"column":81}}]},"1":{"loc":{"start":{"line":10,"column":83},"end":{"line":10,"column":99}},"type":"default-arg","locations":[{"start":{"line":10,"column":92},"end":{"line":10,"column":99}}]},"2":{"loc":{"start":{"line":16,"column":4},"end":{"line":16,"column":50}},"type":"if","locations":[{"start":{"line":16,"column":4},"end":{"line":16,"column":50}}]},"3":{"loc":{"start":{"line":16,"column":8},"end":{"line":16,"column":41}},"type":"binary-expr","locations":[{"start":{"line":16,"column":8},"end":{"line":16,"column":18}},{"start":{"line":16,"column":22},"end":{"line":16,"column":41}}]}},"s":{"0":0,"1":0,"2":0,"3":0,"4":0,"5":0,"6":0,"7":0,"8":0,"9":0,"10":0,"11":0,"12":0,"13":0,"14":0},"f":{"0":0,"1":0},"b":{"0":[0],"1":[0],"2":[0],"3":[0,0]}}
,"C:\\Users\\HP\\Desktop\\Company\\Mahavir-components\\src\\Pages\\ProductPage\\ZoomImageEffect.tsx": {"path":"C:\\Users\\HP\\Desktop\\Company\\Mahavir-components\\src\\Pages\\ProductPage\\ZoomImageEffect.tsx","statementMap":{"0":{"start":{"line":1,"column":0},"end":{"line":1,"column":48}},"1":{"start":{"line":12,"column":50},"end":{"line":62,"column":1}},"2":{"start":{"line":20,"column":23},"end":{"line":20,"column":51}},"3":{"start":{"line":21,"column":36},"end":{"line":21,"column":51}},"4":{"start":{"line":23,"column":26},"end":{"line":31,"column":3}},"5":{"start":{"line":24,"column":41},"end":{"line":24,"column":80}},"6":{"start":{"line":25,"column":14},"end":{"line":25,"column":48}},"7":{"start":{"line":26,"column":14},"end":{"line":26,"column":48}},"8":{"start":{"line":27,"column":18},"end":{"line":27,"column":74}},"9":{"start":{"line":28,"column":4},"end":{"line":30,"column":5}},"10":{"start":{"line":29,"column":6},"end":{"line":29,"column":50}},"11":{"start":{"line":33,"column":27},"end":{"line":35,"column":3}},"12":{"start":{"line":34,"column":4},"end":{"line":34,"column":23}},"13":{"start":{"line":37,"column":27},"end":{"line":43,"column":3}},"14":{"start":{"line":38,"column":18},"end":{"line":38,"column":60}},"15":{"start":{"line":39,"column":4},"end":{"line":41,"column":5}},"16":{"start":{"line":40,"column":6},"end":{"line":40,"column":52}},"17":{"start":{"line":42,"column":4},"end":{"line":42,"column":24}},"18":{"start":{"line":45,"column":2},"end":{"line":61,"column":4}},"19":{"start":{"line":64,"column":0},"end":{"line":64,"column":31}}},"fnMap":{"0":{"name":"(anonymous_0)","decl":{"start":{"line":12,"column":50},"end":{"line":12,"column":51}},"loc":{"start":{"line":19,"column":5},"end":{"line":62,"column":1}}},"1":{"name":"(anonymous_1)","decl":{"start":{"line":23,"column":26},"end":{"line":23,"column":27}},"loc":{"start":{"line":23,"column":66},"end":{"line":31,"column":3}}},"2":{"name":"(anonymous_2)","decl":{"start":{"line":33,"column":27},"end":{"line":33,"column":30}},"loc":{"start":{"line":33,"column":32},"end":{"line":35,"column":3}}},"3":{"name":"(anonymous_3)","decl":{"start":{"line":37,"column":27},"end":{"line":37,"column":30}},"loc":{"start":{"line":37,"column":32},"end":{"line":43,"column":3}}}},"branchMap":{"0":{"loc":{"start":{"line":14,"column":2},"end":{"line":14,"column":10}},"type":"default-arg","locations":[{"start":{"line":14,"column":8},"end":{"line":14,"column":10}}]},"1":{"loc":{"start":{"line":15,"column":2},"end":{"line":15,"column":18}},"type":"default-arg","locations":[{"start":{"line":15,"column":11},"end":{"line":15,"column":18}}]},"2":{"loc":{"start":{"line":16,"column":2},"end":{"line":16,"column":16}},"type":"default-arg","locations":[{"start":{"line":16,"column":10},"end":{"line":16,"column":16}}]},"3":{"loc":{"start":{"line":17,"column":2},"end":{"line":17,"column":16}},"type":"default-arg","locations":[{"start":{"line":17,"column":14},"end":{"line":17,"column":16}}]},"4":{"loc":{"start":{"line":18,"column":2},"end":{"line":18,"column":11}},"type":"default-arg","locations":[{"start":{"line":18,"column":10},"end":{"line":18,"column":11}}]},"5":{"loc":{"start":{"line":28,"column":4},"end":{"line":30,"column":5}},"type":"if","locations":[{"start":{"line":28,"column":4},"end":{"line":30,"column":5}}]},"6":{"loc":{"start":{"line":38,"column":18},"end":{"line":38,"column":60}},"type":"cond-expr","locations":[{"start":{"line":38,"column":38},"end":{"line":38,"column":40}},{"start":{"line":38,"column":38},"end":{"line":38,"column":60}}]},"7":{"loc":{"start":{"line":38,"column":18},"end":{"line":38,"column":40}},"type":"binary-expr","locations":[{"start":{"line":38,"column":18},"end":{"line":38,"column":40}},{"start":{"line":38,"column":38},"end":{"line":38,"column":40}}]},"8":{"loc":{"start":{"line":39,"column":4},"end":{"line":41,"column":5}},"type":"if","locations":[{"start":{"line":39,"column":4},"end":{"line":41,"column":5}}]},"9":{"loc":{"start":{"line":58,"column":28},"end":{"line":58,"column":70}},"type":"cond-expr","locations":[{"start":{"line":58,"column":40},"end":{"line":58,"column":57}},{"start":{"line":58,"column":60},"end":{"line":58,"column":70}}]}},"s":{"0":0,"1":0,"2":0,"3":0,"4":0,"5":0,"6":0,"7":0,"8":0,"9":0,"10":0,"11":0,"12":0,"13":0,"14":0,"15":0,"16":0,"17":0,"18":0,"19":0},"f":{"0":0,"1":0,"2":0,"3":0},"b":{"0":[0],"1":[0],"2":[0],"3":[0],"4":[0],"5":[0],"6":[0,0],"7":[0,0],"8":[0],"9":[0,0]}}
}
