TN:
SF:src\App.tsx
FN:5,(anonymous_9)
FN:5,(anonymous_10)
FN:6,(anonymous_11)
FN:6,(anonymous_12)
FN:8,(anonymous_13)
FNF:5
FNH:0
FNDA:0,(anonymous_9)
FNDA:0,(anonymous_10)
FNDA:0,(anonymous_11)
FNDA:0,(anonymous_12)
FNDA:0,(anonymous_13)
DA:2,0
DA:3,0
DA:5,0
DA:6,0
DA:8,0
DA:9,0
DA:20,0
LF:7
LH:0
BRF:0
BRH:0
end_of_record
TN:
SF:src\main.tsx
FNF:0
FNH:0
DA:1,0
DA:2,0
DA:3,0
DA:4,0
DA:6,0
DA:8,0
DA:9,0
DA:15,0
LF:8
LH:0
BRDA:8,0,0,0
BRDA:8,0,1,0
BRF:2
BRH:0
end_of_record
TN:
SF:src\Components\Data.tsx
FNF:0
FNH:0
DA:1,2
DA:45,2
DA:103,2
DA:122,2
LF:4
LH:4
BRF:0
BRH:0
end_of_record
TN:
SF:src\Components\NotFound.tsx
FN:3,(anonymous_0)
FNF:1
FNH:1
FNDA:1,(anonymous_0)
DA:3,1
DA:4,1
DA:9,1
LF:3
LH:3
BRF:0
BRH:0
end_of_record
TN:
SF:src\Components\Product_Card.tsx
FN:28,(anonymous_0)
FN:39,(anonymous_1)
FN:78,(anonymous_2)
FN:87,(anonymous_3)
FNF:4
FNH:4
FNDA:7,(anonymous_0)
FNDA:2,(anonymous_1)
FNDA:14,(anonymous_2)
FNDA:2,(anonymous_3)
DA:1,1
DA:2,1
DA:3,1
DA:28,1
DA:33,7
DA:34,7
DA:35,7
DA:39,7
DA:40,2
DA:41,2
DA:42,2
DA:45,7
DA:79,14
DA:87,2
DA:140,1
LF:15
LH:15
BRDA:30,0,0,7
BRDA:42,1,0,1
BRDA:42,1,1,1
BRDA:42,2,0,2
BRDA:42,2,1,2
BRDA:102,3,0,14
BRDA:102,3,1,7
BRF:7
BRH:7
end_of_record
TN:
SF:src\Components\Products.tsx
FN:21,(anonymous_1)
FN:24,(anonymous_2)
FNF:2
FNH:2
FNDA:1,(anonymous_1)
FNDA:2,(anonymous_2)
DA:2,1
DA:3,1
DA:4,1
DA:21,1
DA:22,1
DA:25,2
DA:31,1
LF:7
LH:7
BRDA:25,0,0,2
BRDA:25,0,1,0
BRF:2
BRH:1
end_of_record
TN:
SF:src\Components\StepOne.tsx
FN:13,(anonymous_1)
FN:18,(anonymous_2)
FN:35,(anonymous_3)
FN:41,(anonymous_4)
FN:70,(anonymous_5)
FN:79,(anonymous_6)
FN:85,(anonymous_7)
FNF:7
FNH:6
FNDA:9,(anonymous_1)
FNDA:1,(anonymous_2)
FNDA:18,(anonymous_3)
FNDA:1,(anonymous_4)
FNDA:1,(anonymous_5)
FNDA:0,(anonymous_6)
FNDA:1,(anonymous_7)
DA:1,1
DA:2,1
DA:3,1
DA:4,1
DA:5,1
DA:6,1
DA:13,1
DA:14,9
DA:15,9
DA:16,9
DA:18,9
DA:19,1
DA:20,1
DA:23,9
DA:36,18
DA:41,1
DA:70,1
DA:79,0
DA:85,1
DA:100,1
LF:20
LH:19
BRDA:39,0,0,9
BRDA:39,0,1,9
BRDA:75,1,0,9
BRDA:75,1,1,1
BRF:4
BRH:4
end_of_record
TN:
SF:src\Components\StepThree.tsx
FN:3,(anonymous_0)
FNF:1
FNH:1
FNDA:1,(anonymous_0)
DA:3,1
DA:4,1
DA:13,1
LF:3
LH:3
BRF:0
BRH:0
end_of_record
TN:
SF:src\Components\StepTwo.tsx
FN:15,(anonymous_0)
FN:18,(anonymous_1)
FN:20,(anonymous_2)
FN:49,(anonymous_3)
FN:52,(anonymous_4)
FNF:5
FNH:5
FNDA:4,(anonymous_0)
FNDA:5,(anonymous_1)
FNDA:1,(anonymous_2)
FNDA:12,(anonymous_3)
FNDA:1,(anonymous_4)
DA:1,1
DA:2,1
DA:15,1
DA:16,4
DA:18,5
DA:20,4
DA:21,1
DA:22,1
DA:25,4
DA:50,12
DA:52,1
DA:71,1
LF:12
LH:12
BRDA:54,0,0,4
BRDA:54,0,1,8
BRF:2
BRH:2
end_of_record
TN:
SF:src\Components\StoneSelectorModal.tsx
FN:16,(anonymous_0)
FN:37,(anonymous_1)
FN:40,(anonymous_2)
FNF:3
FNH:3
FNDA:4,(anonymous_0)
FNDA:12,(anonymous_1)
FNDA:1,(anonymous_2)
DA:2,1
DA:3,1
DA:16,1
DA:17,4
DA:38,12
DA:40,1
DA:54,1
LF:7
LH:7
BRF:0
BRH:0
end_of_record
TN:
SF:src\Pages\Home.tsx
FN:25,(anonymous_1)
FN:30,(anonymous_2)
FN:48,(anonymous_3)
FN:58,(anonymous_4)
FN:69,(anonymous_5)
FN:128,(anonymous_6)
FNF:6
FNH:5
FNDA:11,(anonymous_1)
FNDA:5,(anonymous_2)
FNDA:2,(anonymous_3)
FNDA:33,(anonymous_4)
FNDA:5,(anonymous_5)
FNDA:0,(anonymous_6)
DA:1,1
DA:2,1
DA:3,1
DA:5,1
DA:6,1
DA:7,1
DA:8,1
DA:19,1
DA:25,1
DA:26,11
DA:27,11
DA:28,11
DA:30,11
DA:31,5
DA:32,0
DA:33,5
DA:34,3
DA:35,3
DA:37,0
DA:39,2
DA:40,2
DA:41,1
DA:43,1
DA:48,11
DA:49,2
DA:50,2
DA:51,2
DA:54,11
DA:59,33
DA:61,33
DA:69,5
DA:128,0
DA:135,1
LF:33
LH:30
BRDA:31,0,0,0
BRDA:31,0,1,5
BRDA:33,1,0,3
BRDA:33,1,1,2
BRDA:34,2,0,3
BRDA:34,2,1,0
BRDA:39,3,0,2
BRDA:40,4,0,1
BRDA:40,4,1,1
BRDA:40,5,0,2
BRDA:40,5,1,1
BRDA:65,6,0,11
BRDA:65,6,1,22
BRDA:66,7,0,11
BRDA:66,7,1,22
BRDA:67,8,0,11
BRDA:67,8,1,22
BRDA:68,9,0,8
BRDA:68,9,1,25
BRDA:68,10,0,33
BRDA:68,10,1,11
BRDA:68,10,2,3
BRDA:71,11,0,11
BRDA:71,11,1,22
BRDA:92,12,0,11
BRDA:92,12,1,22
BRDA:94,13,0,11
BRDA:94,13,1,11
BRDA:96,14,0,11
BRDA:96,14,1,0
BRDA:102,15,0,11
BRDA:102,15,1,22
BRDA:115,16,0,11
BRDA:115,16,1,8
BRDA:116,17,0,11
BRDA:116,17,1,2
BRDA:122,18,0,11
BRDA:122,18,1,1
BRDA:125,19,0,11
BRDA:125,19,1,3
BRF:40
BRH:37
end_of_record
